[0213/160111:INFO:collada.cc(302)] Loading Collada model "/skiffs.dae" from zip file "C:\Development\adlnet.GitHub.com\3D-Repository\VwarWeb\App_Data\viewerTemp\2c12da990e61b2203f511f816c2bcde893ddd72688.zip"
[0213/160111:INFO:pack.cc(128)] CreateTextureFromFile(uri='24ft_skiff.png', filename='C:\Users\CHADWI~1\AppData\Local\Temp\8211ab4b-5407-4344-9aeb-2d7c7864363b.png')
[0213/160111:INFO:image_utils.cc(849)] Bitmap Found a PNG file : C:\Users\CHADWI~1\AppData\Local\Temp\8211ab4b-5407-4344-9aeb-2d7c7864363b.png
[0213/160111:INFO:pack.cc(128)] CreateTextureFromFile(uri='outboard.png', filename='C:\Users\CHADWI~1\AppData\Local\Temp\1963f19d-f281-48e9-918f-5a3b7120bd72.png')
[0213/160111:INFO:image_utils.cc(849)] Bitmap Found a PNG file : C:\Users\CHADWI~1\AppData\Local\Temp\1963f19d-f281-48e9-918f-5a3b7120bd72.png
[0213/160111:INFO:pack.cc(128)] CreateTextureFromFile(uri='emerencyjug.png', filename='C:\Users\CHADWI~1\AppData\Local\Temp\65086ca1-1f77-49c5-824b-d7c0f71e2132.png')
[0213/160111:INFO:image_utils.cc(849)] Bitmap Found a PNG file : C:\Users\CHADWI~1\AppData\Local\Temp\65086ca1-1f77-49c5-824b-d7c0f71e2132.png
[0213/160111:INFO:pack.cc(128)] CreateTextureFromFile(uri='ladder.png', filename='C:\Users\CHADWI~1\AppData\Local\Temp\43d0b8fe-d94a-4db5-b6f3-5a5c466d6031.png')
[0213/160111:INFO:image_utils.cc(849)] Bitmap Found a PNG file : C:\Users\CHADWI~1\AppData\Local\Temp\43d0b8fe-d94a-4db5-b6f3-5a5c466d6031.png
[0213/160111:INFO:pack.cc(128)] CreateTextureFromFile(uri='long_skiff.png', filename='C:\Users\CHADWI~1\AppData\Local\Temp\86a7130b-e430-49cb-b0c6-e388050fb5ea.png')
[0213/160111:INFO:image_utils.cc(849)] Bitmap Found a PNG file : C:\Users\CHADWI~1\AppData\Local\Temp\86a7130b-e430-49cb-b0c6-e388050fb5ea.png
[0213/160111:INFO:pack.cc(128)] CreateTextureFromFile(uri='oldmercmotor.png', filename='C:\Users\CHADWI~1\AppData\Local\Temp\3a33d61f-c21d-4fc8-aa46-c508e9ff5723.png')
[0213/160111:INFO:image_utils.cc(849)] Bitmap Found a PNG file : C:\Users\CHADWI~1\AppData\Local\Temp\3a33d61f-c21d-4fc8-aa46-c508e9ff5723.png
[0214/164230:INFO:collada.cc(302)] Loading Collada model "/DriftTrawler.dae" from zip file "C:\Development\adlnet.GitHub.com\3D-Repository\VwarWeb\App_Data\viewerTemp\751b6e5a041b6885e288f8a089035d5ed702bd5e59.zip"
[0214/164230:INFO:pack.cc(128)] CreateTextureFromFile(uri='dtsul.png', filename='C:\Windows\TEMP\7f44f498-8c9c-4634-b4d8-12074ca494fa.png')
[0214/164230:INFO:image_utils.cc(849)] Bitmap Found a PNG file : C:\Windows\TEMP\7f44f498-8c9c-4634-b4d8-12074ca494fa.png
[0214/164230:INFO:pack.cc(128)] CreateTextureFromFile(uri='dtsuldeck.png', filename='C:\Windows\TEMP\5cead8bb-caa2-4948-b32c-ebc07af35fa9.png')
[0214/164230:INFO:image_utils.cc(849)] Bitmap Found a PNG file : C:\Windows\TEMP\5cead8bb-caa2-4948-b32c-ebc07af35fa9.png
[0214/164230:INFO:pack.cc(128)] CreateTextureFromFile(uri='driftrail.png', filename='C:\Windows\TEMP\ee326601-2ae6-49c4-ac24-c3a73ba6e5b8.png')
[0214/164230:INFO:image_utils.cc(849)] Bitmap Found a PNG file : C:\Windows\TEMP\ee326601-2ae6-49c4-ac24-c3a73ba6e5b8.png
[0214/164230:INFO:pack.cc(128)] CreateTextureFromFile(uri='driftboat.png', filename='C:\Windows\TEMP\933e9c87-5c30-4d03-8d56-4118c666341a.png')
[0214/164230:INFO:image_utils.cc(849)] Bitmap Found a PNG file : C:\Windows\TEMP\933e9c87-5c30-4d03-8d56-4118c666341a.png
[0214/164230:INFO:pack.cc(128)] CreateTextureFromFile(uri='dtprop.png', filename='C:\Windows\TEMP\48e17778-6524-4996-95c9-7d5beec4a670.png')
[0214/164230:INFO:image_utils.cc(849)] Bitmap Found a PNG file : C:\Windows\TEMP\48e17778-6524-4996-95c9-7d5beec4a670.png
[0216/115141:INFO:collada.cc(302)] Loading Collada model "/steel_Trawler.dae" from zip file "C:\Development\adlnet.GitHub.com\3D-Repository\VwarWeb\App_Data\viewerTemp\2e349d1e0a1f8296d20da1cf8b1511d06bf3874a30.zip"
[0216/115141:INFO:pack.cc(128)] CreateTextureFromFile(uri='steeltrawler.png', filename='C:\Windows\TEMP\587eeba6-058b-4f5a-a885-bc6aee8b776d.png')
[0216/115141:INFO:image_utils.cc(849)] Bitmap Found a PNG file : C:\Windows\TEMP\587eeba6-058b-4f5a-a885-bc6aee8b776d.png
[0216/115142:INFO:pack.cc(128)] CreateTextureFromFile(uri='stprop.png', filename='C:\Windows\TEMP\c79a6fc9-8b79-4dff-8736-41eca6456b94.png')
[0216/115142:INFO:image_utils.cc(849)] Bitmap Found a PNG file : C:\Windows\TEMP\c79a6fc9-8b79-4dff-8736-41eca6456b94.png
[0221/152546:INFO:collada.cc(302)] Loading Collada model "/TunaBoat.dae" from zip file "C:\Development\adlnet.GitHub.com\3D-Repository\VwarWeb\App_Data\viewerTemp\67544e38d6da06a4c72de8ad62097991ee392ef832.zip"
[0221/152546:INFO:pack.cc(128)] CreateTextureFromFile(uri='tunaboat .png', filename='C:\Users\CHADWI~1\AppData\Local\Temp\83a715ae-70c6-41d3-9bce-fb13c4e9fbb5.png')
[0221/152546:INFO:image_utils.cc(849)] Bitmap Found a PNG file : C:\Users\CHADWI~1\AppData\Local\Temp\83a715ae-70c6-41d3-9bce-fb13c4e9fbb5.png
[0221/152546:INFO:pack.cc(128)] CreateTextureFromFile(uri='tunadeck.png', filename='C:\Users\CHADWI~1\AppData\Local\Temp\309e4aa8-7afe-4f8d-94ba-afc2b4434a9b.png')
[0221/152546:INFO:image_utils.cc(849)] Bitmap Found a PNG file : C:\Users\CHADWI~1\AppData\Local\Temp\309e4aa8-7afe-4f8d-94ba-afc2b4434a9b.png
[0221/152714:INFO:collada.cc(302)] Loading Collada model "/TunaBoat.dae" from zip file "C:\Development\adlnet.GitHub.com\3D-Repository\VwarWeb\App_Data\viewerTemp\67544e38d6da06a4c72de8ad62097991ee392ef868.zip"
[0221/152715:INFO:pack.cc(128)] CreateTextureFromFile(uri='tunaboat .png', filename='C:\Users\CHADWI~1\AppData\Local\Temp\e35456eb-ef0b-454d-abd3-dfac4c7f32de.png')
[0221/152715:INFO:image_utils.cc(849)] Bitmap Found a PNG file : C:\Users\CHADWI~1\AppData\Local\Temp\e35456eb-ef0b-454d-abd3-dfac4c7f32de.png
[0221/152715:INFO:pack.cc(128)] CreateTextureFromFile(uri='tunadeck.png', filename='C:\Users\CHADWI~1\AppData\Local\Temp\81818f0d-2be4-4db9-939f-8ede8b63bbf0.png')
[0221/152715:INFO:image_utils.cc(849)] Bitmap Found a PNG file : C:\Users\CHADWI~1\AppData\Local\Temp\81818f0d-2be4-4db9-939f-8ede8b63bbf0.png
[0221/153210:INFO:collada.cc(302)] Loading Collada model "/TunaBoat.dae" from zip file "C:\Development\adlnet.GitHub.com\3D-Repository\VwarWeb\App_Data\viewerTemp\67544e38d6da06a4c72de8ad62097991ee392ef824.zip"
[0221/153210:INFO:pack.cc(128)] CreateTextureFromFile(uri='tunaboat .png', filename='C:\Users\CHADWI~1\AppData\Local\Temp\a4f7d4b3-b2eb-42a9-9380-258f2cfd1f55.png')
[0221/153210:INFO:image_utils.cc(849)] Bitmap Found a PNG file : C:\Users\CHADWI~1\AppData\Local\Temp\a4f7d4b3-b2eb-42a9-9380-258f2cfd1f55.png
[0221/153210:INFO:pack.cc(128)] CreateTextureFromFile(uri='tunadeck.png', filename='C:\Users\CHADWI~1\AppData\Local\Temp\2f6f5539-57ef-4a14-838c-f12a7f69de37.png')
[0221/153210:INFO:image_utils.cc(849)] Bitmap Found a PNG file : C:\Users\CHADWI~1\AppData\Local\Temp\2f6f5539-57ef-4a14-838c-f12a7f69de37.png
[0221/153758:INFO:collada.cc(302)] Loading Collada model "/TunaBoat.dae" from zip file "C:\Development\adlnet.GitHub.com\3D-Repository\VwarWeb\App_Data\viewerTemp\67544e38d6da06a4c72de8ad62097991ee392ef882.zip"
[0221/153758:INFO:pack.cc(128)] CreateTextureFromFile(uri='tunaboat .png', filename='C:\Users\CHADWI~1\AppData\Local\Temp\d05ee599-a05b-4f7b-a77d-4334301719b6.png')
[0221/153758:INFO:image_utils.cc(849)] Bitmap Found a PNG file : C:\Users\CHADWI~1\AppData\Local\Temp\d05ee599-a05b-4f7b-a77d-4334301719b6.png
[0221/153758:INFO:pack.cc(128)] CreateTextureFromFile(uri='tunadeck.png', filename='C:\Users\CHADWI~1\AppData\Local\Temp\3e3cb6cf-e8eb-4e14-9414-34fbd8a73501.png')
[0221/153758:INFO:image_utils.cc(849)] Bitmap Found a PNG file : C:\Users\CHADWI~1\AppData\Local\Temp\3e3cb6cf-e8eb-4e14-9414-34fbd8a73501.png
[0221/153903:INFO:collada.cc(302)] Loading Collada model "/TunaBoat.dae" from zip file "C:\Development\adlnet.GitHub.com\3D-Repository\VwarWeb\App_Data\viewerTemp\67544e38d6da06a4c72de8ad62097991ee392ef883.zip"
[0221/153903:INFO:pack.cc(128)] CreateTextureFromFile(uri='tunaboat .png', filename='C:\Users\CHADWI~1\AppData\Local\Temp\ce2dc520-4d7a-4126-a2ea-d299c895ede6.png')
[0221/153903:INFO:image_utils.cc(849)] Bitmap Found a PNG file : C:\Users\CHADWI~1\AppData\Local\Temp\ce2dc520-4d7a-4126-a2ea-d299c895ede6.png
[0221/153903:INFO:pack.cc(128)] CreateTextureFromFile(uri='tunadeck.png', filename='C:\Users\CHADWI~1\AppData\Local\Temp\853656e0-0e6e-451b-9f8b-cd07f2b87eb1.png')
[0221/153903:INFO:image_utils.cc(849)] Bitmap Found a PNG file : C:\Users\CHADWI~1\AppData\Local\Temp\853656e0-0e6e-451b-9f8b-cd07f2b87eb1.png
[0221/154113:INFO:collada.cc(302)] Loading Collada model "/TunaBoat.dae" from zip file "C:\Development\adlnet.GitHub.com\3D-Repository\VwarWeb\App_Data\viewerTemp\67544e38d6da06a4c72de8ad62097991ee392ef828.zip"
[0221/154113:INFO:pack.cc(128)] CreateTextureFromFile(uri='tunaboat .png', filename='C:\Users\CHADWI~1\AppData\Local\Temp\8fd03dfb-d835-4f18-86b6-51f8d5bb75a2.png')
[0221/154113:INFO:image_utils.cc(849)] Bitmap Found a PNG file : C:\Users\CHADWI~1\AppData\Local\Temp\8fd03dfb-d835-4f18-86b6-51f8d5bb75a2.png
[0221/154113:INFO:pack.cc(128)] CreateTextureFromFile(uri='tunadeck.png', filename='C:\Users\CHADWI~1\AppData\Local\Temp\9a68a415-aec3-4ee1-8b36-61cca84cecb4.png')
[0221/154113:INFO:image_utils.cc(849)] Bitmap Found a PNG file : C:\Users\CHADWI~1\AppData\Local\Temp\9a68a415-aec3-4ee1-8b36-61cca84cecb4.png
[0221/154456:INFO:collada.cc(302)] Loading Collada model "/TunaBoat.dae" from zip file "C:\Development\adlnet.GitHub.com\3D-Repository\VwarWeb\App_Data\viewerTemp\67544e38d6da06a4c72de8ad62097991ee392ef80.zip"
[0221/154456:INFO:pack.cc(128)] CreateTextureFromFile(uri='tunaboat .png', filename='C:\Users\CHADWI~1\AppData\Local\Temp\d3581cb6-49e1-4e81-983d-323afde129b0.png')
[0221/154456:INFO:image_utils.cc(849)] Bitmap Found a PNG file : C:\Users\CHADWI~1\AppData\Local\Temp\d3581cb6-49e1-4e81-983d-323afde129b0.png
[0221/154456:INFO:pack.cc(128)] CreateTextureFromFile(uri='tunadeck.png', filename='C:\Users\CHADWI~1\AppData\Local\Temp\85ffad3a-9e6a-42a5-846d-619a1a30fc18.png')
[0221/154456:INFO:image_utils.cc(849)] Bitmap Found a PNG file : C:\Users\CHADWI~1\AppData\Local\Temp\85ffad3a-9e6a-42a5-846d-619a1a30fc18.png
[0221/155752:INFO:collada.cc(302)] Loading Collada model "/NetTrawler.dae" from zip file "C:\Development\adlnet.GitHub.com\3D-Repository\VwarWeb\App_Data\viewerTemp\69339879b877207f5d183699456bd50243deaeb895.zip"
[0221/155752:INFO:pack.cc(128)] CreateTextureFromFile(uri='nettrawler.png', filename='C:\Users\CHADWI~1\AppData\Local\Temp\c2e35bc2-26bc-440a-bb2e-3e31335872c6.png')
[0221/155752:INFO:image_utils.cc(849)] Bitmap Found a PNG file : C:\Users\CHADWI~1\AppData\Local\Temp\c2e35bc2-26bc-440a-bb2e-3e31335872c6.png
[0221/155752:INFO:pack.cc(128)] CreateTextureFromFile(uri='ladder.png', filename='C:\Users\CHADWI~1\AppData\Local\Temp\b1b4c582-37be-4e63-8b2c-1c93b31e18fc.png')
[0221/155752:INFO:image_utils.cc(849)] Bitmap Found a PNG file : C:\Users\CHADWI~1\AppData\Local\Temp\b1b4c582-37be-4e63-8b2c-1c93b31e18fc.png
[0221/155752:INFO:pack.cc(128)] CreateTextureFromFile(uri='nettrawler_extras.png', filename='C:\Users\CHADWI~1\AppData\Local\Temp\9a7e590b-d0c9-4c34-a9b0-054b3e82dfc0.png')
[0221/155752:INFO:image_utils.cc(849)] Bitmap Found a PNG file : C:\Users\CHADWI~1\AppData\Local\Temp\9a7e590b-d0c9-4c34-a9b0-054b3e82dfc0.png
[0221/160115:INFO:collada.cc(302)] Loading Collada model "/TunaBoat.dae" from zip file "C:\Development\adlnet.GitHub.com\3D-Repository\VwarWeb\App_Data\viewerTemp\67544e38d6da06a4c72de8ad62097991ee392ef874.zip"
[0221/160115:INFO:pack.cc(128)] CreateTextureFromFile(uri='tunaboat .png', filename='C:\Users\CHADWI~1\AppData\Local\Temp\d2ab44df-3535-41f2-8051-219a946ebef9.png')
[0221/160115:INFO:image_utils.cc(849)] Bitmap Found a PNG file : C:\Users\CHADWI~1\AppData\Local\Temp\d2ab44df-3535-41f2-8051-219a946ebef9.png
[0221/160115:INFO:pack.cc(128)] CreateTextureFromFile(uri='tunadeck.png', filename='C:\Users\CHADWI~1\AppData\Local\Temp\12859451-01b0-4f89-9fd6-0f6474009f67.png')
[0221/160115:INFO:image_utils.cc(849)] Bitmap Found a PNG file : C:\Users\CHADWI~1\AppData\Local\Temp\12859451-01b0-4f89-9fd6-0f6474009f67.png
[0221/160806:INFO:collada.cc(302)] Loading Collada model "/TunaBoat.dae" from zip file "C:\Development\adlnet.GitHub.com\3D-Repository\VwarWeb\App_Data\viewerTemp\67544e38d6da06a4c72de8ad62097991ee392ef884.zip"
[0221/160806:INFO:pack.cc(128)] CreateTextureFromFile(uri='tunaboat .png', filename='C:\Users\CHADWI~1\AppData\Local\Temp\b753a407-e7eb-4fe7-a684-8cd4a7835a22.png')
[0221/160806:INFO:image_utils.cc(849)] Bitmap Found a PNG file : C:\Users\CHADWI~1\AppData\Local\Temp\b753a407-e7eb-4fe7-a684-8cd4a7835a22.png
[0221/160806:INFO:pack.cc(128)] CreateTextureFromFile(uri='tunadeck.png', filename='C:\Users\CHADWI~1\AppData\Local\Temp\f2d8fa7c-5d17-4d3d-988a-2e4609ccefb6.png')
[0221/160806:INFO:image_utils.cc(849)] Bitmap Found a PNG file : C:\Users\CHADWI~1\AppData\Local\Temp\f2d8fa7c-5d17-4d3d-988a-2e4609ccefb6.png
[0222/113745:INFO:collada.cc(302)] Loading Collada model "/Aqua.dae" from zip file "C:\Development\adlnet.GitHub.com\3D-Repository\VwarWeb\App_Data\viewerTemp\b47636a3f014d5060c549cd8301e404bb34efeaa60.zip"
[0222/114449:INFO:collada.cc(302)] Loading Collada model "/Aqua.dae" from zip file "C:\Development\adlnet.GitHub.com\3D-Repository\VwarWeb\App_Data\viewerTemp\b47636a3f014d5060c549cd8301e404bb34efeaa92.zip"
[0222/114552:INFO:collada.cc(302)] Loading Collada model "/Aqua.dae" from zip file "C:\Development\adlnet.GitHub.com\3D-Repository\VwarWeb\App_Data\viewerTemp\b47636a3f014d5060c549cd8301e404bb34efeaa11.zip"
[0222/115529:INFO:collada.cc(302)] Loading Collada model "/Aqua.dae" from zip file "C:\Development\adlnet.GitHub.com\3D-Repository\VwarWeb\App_Data\viewerTemp\b47636a3f014d5060c549cd8301e404bb34efeaa78.zip"
[0222/120011:INFO:collada.cc(302)] Loading Collada model "/Aqua.dae" from zip file "C:\Development\adlnet.GitHub.com\3D-Repository\VwarWeb\App_Data\viewerTemp\b47636a3f014d5060c549cd8301e404bb34efeaa29.zip"
[0222/120240:INFO:collada.cc(302)] Loading Collada model "/Aqua.dae" from zip file "C:\Development\adlnet.GitHub.com\3D-Repository\VwarWeb\App_Data\viewerTemp\b47636a3f014d5060c549cd8301e404bb34efeaa96.zip"
[0222/120736:INFO:collada.cc(302)] Loading Collada model "/Lamp02.dae" from zip file "C:\Development\adlnet.GitHub.com\3D-Repository\VwarWeb\App_Data\viewerTemp\91169f6745fd17248c178c2cbac166e2813c973439.zip"
[0222/120736:INFO:pack.cc(128)] CreateTextureFromFile(uri='vase.png', filename='C:\Windows\TEMP\a8cf3ebb-4079-4f1d-87ec-e06fe40feac7.png')
[0222/120736:INFO:image_utils.cc(849)] Bitmap Found a PNG file : C:\Windows\TEMP\a8cf3ebb-4079-4f1d-87ec-e06fe40feac7.png
[0222/120736:INFO:pack.cc(128)] CreateTextureFromFile(uri='teak_aruba.png', filename='C:\Windows\TEMP\8e302a2b-c194-47cc-8df2-4c77bafb4534.png')
[0222/120736:INFO:image_utils.cc(849)] Bitmap Found a PNG file : C:\Windows\TEMP\8e302a2b-c194-47cc-8df2-4c77bafb4534.png
[0222/120756:INFO:collada.cc(302)] Loading Collada model "/Lamp02.dae" from zip file "C:\Development\adlnet.GitHub.com\3D-Repository\VwarWeb\App_Data\viewerTemp\91169f6745fd17248c178c2cbac166e2813c97342.zip"
[0222/120756:INFO:pack.cc(128)] CreateTextureFromFile(uri='vase.png', filename='C:\Windows\TEMP\1aa63913-d2fd-4928-809e-947c9a2d6662.png')
[0222/120756:INFO:image_utils.cc(849)] Bitmap Found a PNG file : C:\Windows\TEMP\1aa63913-d2fd-4928-809e-947c9a2d6662.png
[0222/120756:INFO:pack.cc(128)] CreateTextureFromFile(uri='teak_aruba.png', filename='C:\Windows\TEMP\731a5624-1d1b-47a9-8a24-dc812c10bef4.png')
[0222/120756:INFO:image_utils.cc(849)] Bitmap Found a PNG file : C:\Windows\TEMP\731a5624-1d1b-47a9-8a24-dc812c10bef4.png
[0222/121029:INFO:collada.cc(302)] Loading Collada model "/Lamp02.dae" from zip file "C:\Development\adlnet.GitHub.com\3D-Repository\VwarWeb\App_Data\viewerTemp\91169f6745fd17248c178c2cbac166e2813c973482.zip"
[0222/121029:INFO:pack.cc(128)] CreateTextureFromFile(uri='vase.png', filename='C:\Windows\TEMP\f4549f6a-57cc-4e46-99dc-b700018ea91b.png')
[0222/121029:INFO:image_utils.cc(849)] Bitmap Found a PNG file : C:\Windows\TEMP\f4549f6a-57cc-4e46-99dc-b700018ea91b.png
[0222/121029:INFO:pack.cc(128)] CreateTextureFromFile(uri='teak_aruba.png', filename='C:\Windows\TEMP\4d0c86e0-6ddd-47af-b5d4-d12db1950164.png')
[0222/121029:INFO:image_utils.cc(849)] Bitmap Found a PNG file : C:\Windows\TEMP\4d0c86e0-6ddd-47af-b5d4-d12db1950164.png
[0222/122118:INFO:collada.cc(302)] Loading Collada model "/Aqua.dae" from zip file "C:\Development\adlnet.GitHub.com\3D-Repository\VwarWeb\App_Data\viewerTemp\b47636a3f014d5060c549cd8301e404bb34efeaa72.zip"
[0222/122359:INFO:collada.cc(302)] Loading Collada model "/Aqua.dae" from zip file "C:\Development\adlnet.GitHub.com\3D-Repository\VwarWeb\App_Data\viewerTemp\b47636a3f014d5060c549cd8301e404bb34efeaa35.zip"
[0222/123921:INFO:collada.cc(302)] Loading Collada model "/Aqua.dae" from zip file "C:\Development\adlnet.GitHub.com\3D-Repository\VwarWeb\App_Data\viewerTemp\b47636a3f014d5060c549cd8301e404bb34efeaa35.zip"
[0222/124653:INFO:collada.cc(302)] Loading Collada model "/Aqua.dae" from zip file "C:\Development\adlnet.GitHub.com\3D-Repository\VwarWeb\App_Data\viewerTemp\b47636a3f014d5060c549cd8301e404bb34efeaa56.zip"
[0222/124746:INFO:collada.cc(302)] Loading Collada model "/Aqua.dae" from zip file "C:\Development\adlnet.GitHub.com\3D-Repository\VwarWeb\App_Data\viewerTemp\b47636a3f014d5060c549cd8301e404bb34efeaa45.zip"
[0222/124930:INFO:collada.cc(302)] Loading Collada model "/Aqua.dae" from zip file "C:\Development\adlnet.GitHub.com\3D-Repository\VwarWeb\App_Data\viewerTemp\b47636a3f014d5060c549cd8301e404bb34efeaa12.zip"
[0222/125336:INFO:collada.cc(302)] Loading Collada model "/Aqua.dae" from zip file "C:\Development\adlnet.GitHub.com\3D-Repository\VwarWeb\App_Data\viewerTemp\b47636a3f014d5060c549cd8301e404bb34efeaa99.zip"
[0222/125510:INFO:collada.cc(302)] Loading Collada model "/Aqua.dae" from zip file "C:\Development\adlnet.GitHub.com\3D-Repository\VwarWeb\App_Data\viewerTemp\b47636a3f014d5060c549cd8301e404bb34efeaa47.zip"
[0222/125623:INFO:collada.cc(302)] Loading Collada model "/Aqua.dae" from zip file "C:\Development\adlnet.GitHub.com\3D-Repository\VwarWeb\App_Data\viewerTemp\b47636a3f014d5060c549cd8301e404bb34efeaa55.zip"
[0222/125735:INFO:collada.cc(302)] Loading Collada model "/Aqua.dae" from zip file "C:\Development\adlnet.GitHub.com\3D-Repository\VwarWeb\App_Data\viewerTemp\b47636a3f014d5060c549cd8301e404bb34efeaa61.zip"
[0222/125853:INFO:collada.cc(302)] Loading Collada model "/Aqua.dae" from zip file "C:\Development\adlnet.GitHub.com\3D-Repository\VwarWeb\App_Data\viewerTemp\b47636a3f014d5060c549cd8301e404bb34efeaa69.zip"
[0222/130055:INFO:collada.cc(302)] Loading Collada model "/Aqua.dae" from zip file "C:\Development\adlnet.GitHub.com\3D-Repository\VwarWeb\App_Data\viewerTemp\b47636a3f014d5060c549cd8301e404bb34efeaa77.zip"
[0222/130617:INFO:collada.cc(302)] Loading Collada model "/Aqua.dae" from zip file "C:\Development\adlnet.GitHub.com\3D-Repository\VwarWeb\App_Data\viewerTemp\b47636a3f014d5060c549cd8301e404bb34efeaa72.zip"
[0222/130751:INFO:collada.cc(302)] Loading Collada model "/Aqua.dae" from zip file "C:\Development\adlnet.GitHub.com\3D-Repository\VwarWeb\App_Data\viewerTemp\b47636a3f014d5060c549cd8301e404bb34efeaa46.zip"
[0222/130855:INFO:collada.cc(302)] Loading Collada model "/GRACE_v011.dae" from zip file "C:\Development\adlnet.GitHub.com\3D-Repository\VwarWeb\App_Data\viewerTemp\2d2bcdeb5a2c4af06a5b0d87e5d592a64f59d63e79.zip"
[0222/130855:INFO:pack.cc(128)] CreateTextureFromFile(uri='grace_texture.png', filename='C:\Users\CHADWI~1\AppData\Local\Temp\487e6742-4a75-4b8e-ae1b-78af4ad161b4.png')
[0222/130855:INFO:image_utils.cc(849)] Bitmap Found a PNG file : C:\Users\CHADWI~1\AppData\Local\Temp\487e6742-4a75-4b8e-ae1b-78af4ad161b4.png
[0222/130950:INFO:collada.cc(302)] Loading Collada model "/galileo.dae" from zip file "C:\Development\adlnet.GitHub.com\3D-Repository\VwarWeb\App_Data\viewerTemp\84634cb5cf4894aefb4b9f5d808b640b0d544ff548.zip"
[0222/131035:INFO:collada.cc(302)] Loading Collada model "/Aqua.dae" from zip file "C:\Development\adlnet.GitHub.com\3D-Repository\VwarWeb\App_Data\viewerTemp\b47636a3f014d5060c549cd8301e404bb34efeaa17.zip"
[0222/131210:INFO:collada.cc(302)] Loading Collada model "/Aqua.dae" from zip file "C:\Development\adlnet.GitHub.com\3D-Repository\VwarWeb\App_Data\viewerTemp\b47636a3f014d5060c549cd8301e404bb34efeaa10.zip"
[0222/131433:INFO:collada.cc(302)] Loading Collada model "/Aqua.dae" from zip file "C:\Development\adlnet.GitHub.com\3D-Repository\VwarWeb\App_Data\viewerTemp\b47636a3f014d5060c549cd8301e404bb34efeaa25.zip"
[0224/112933:INFO:collada.cc(302)] Loading Collada model "/Aqua.dae" from zip file "C:\Development\adlnet.GitHub.com\3D-Repository\VwarWeb\App_Data\viewerTemp\b47636a3f014d5060c549cd8301e404bb34efeaa50.zip"
[0224/113158:INFO:collada.cc(302)] Loading Collada model "/70m_rev_e.dae" from zip file "C:\Development\adlnet.GitHub.com\3D-Repository\VwarWeb\App_Data\viewerTemp\f91b82b80e737b3b135b691f936654ceb1af824a34.zip"
[0224/113158:INFO:pack.cc(128)] CreateTextureFromFile(uri='antenna.png', filename='C:\Users\CHADWI~1\AppData\Local\Temp\69b5c835-30d5-4e95-9da8-f9f061403a60.png')
[0224/113158:INFO:image_utils.cc(849)] Bitmap Found a PNG file : C:\Users\CHADWI~1\AppData\Local\Temp\69b5c835-30d5-4e95-9da8-f9f061403a60.png
[0224/113409:INFO:collada.cc(302)] Loading Collada model "/bench.dae" from zip file "C:\Development\adlnet.GitHub.com\3D-Repository\VwarWeb\App_Data\viewerTemp\3ab54b3244817b579ef4ca1c170b89556edd13b381.zip"
[0224/113409:INFO:pack.cc(128)] CreateTextureFromFile(uri='bus_bench_01.png', filename='C:\Windows\TEMP\ffdf89e1-4282-4796-9687-379a7527bf2c.png')
[0224/113409:INFO:image_utils.cc(849)] Bitmap Found a PNG file : C:\Windows\TEMP\ffdf89e1-4282-4796-9687-379a7527bf2c.png
[0224/113702:INFO:collada.cc(302)] Loading Collada model "/crewlockbag1.dae" from zip file "C:\Development\adlnet.GitHub.com\3D-Repository\VwarWeb\App_Data\viewerTemp\af981edebdc60511824efd424d5832a587d4052e11.zip"
[0224/113702:INFO:pack.cc(128)] CreateTextureFromFile(uri='crwlckbg.png', filename='C:\Windows\TEMP\94e7cb22-71a2-421a-b038-827725aa904a.png')
[0224/113702:INFO:image_utils.cc(849)] Bitmap Found a PNG file : C:\Windows\TEMP\94e7cb22-71a2-421a-b038-827725aa904a.png
[0224/113755:INFO:collada.cc(302)] Loading Collada model "/70m_rev_e.dae" from zip file "C:\Development\adlnet.GitHub.com\3D-Repository\VwarWeb\App_Data\viewerTemp\f91b82b80e737b3b135b691f936654ceb1af824a12.zip"
[0224/113755:INFO:pack.cc(128)] CreateTextureFromFile(uri='antenna.png', filename='C:\Windows\TEMP\825cfc96-9e40-4822-a06d-298e0232025a.png')
[0224/113755:INFO:image_utils.cc(849)] Bitmap Found a PNG file : C:\Windows\TEMP\825cfc96-9e40-4822-a06d-298e0232025a.png
[0224/113834:INFO:collada.cc(302)] Loading Collada model "/70m_rev_e.dae" from zip file "C:\Development\adlnet.GitHub.com\3D-Repository\VwarWeb\App_Data\viewerTemp\f91b82b80e737b3b135b691f936654ceb1af824a1.zip"
[0224/113834:INFO:pack.cc(128)] CreateTextureFromFile(uri='antenna.png', filename='C:\Windows\TEMP\47e553a8-67f1-4b41-b913-0d48542af484.png')
[0224/113834:INFO:image_utils.cc(849)] Bitmap Found a PNG file : C:\Windows\TEMP\47e553a8-67f1-4b41-b913-0d48542af484.png
[0224/113852:INFO:collada.cc(302)] Loading Collada model "/Aqua.dae" from zip file "C:\Development\adlnet.GitHub.com\3D-Repository\VwarWeb\App_Data\viewerTemp\b47636a3f014d5060c549cd8301e404bb34efeaa32.zip"
[0224/114208:INFO:collada.cc(302)] Loading Collada model "/Aqua.dae" from zip file "C:\Development\adlnet.GitHub.com\3D-Repository\VwarWeb\App_Data\viewerTemp\b47636a3f014d5060c549cd8301e404bb34efeaa51.zip"
[0224/114310:INFO:collada.cc(302)] Loading Collada model "/Aqua.dae" from zip file "C:\Development\adlnet.GitHub.com\3D-Repository\VwarWeb\App_Data\viewerTemp\b47636a3f014d5060c549cd8301e404bb34efeaa77.zip"
[0224/114651:INFO:collada.cc(302)] Loading Collada model "/70m_rev_e.dae" from zip file "C:\Development\adlnet.GitHub.com\3D-Repository\VwarWeb\App_Data\viewerTemp\f91b82b80e737b3b135b691f936654ceb1af824a43.zip"
[0224/114651:INFO:pack.cc(128)] CreateTextureFromFile(uri='antenna.png', filename='C:\Windows\TEMP\8a5d72a6-1e25-4bf7-abc3-c91a48b05916.png')
[0224/114651:INFO:image_utils.cc(849)] Bitmap Found a PNG file : C:\Windows\TEMP\8a5d72a6-1e25-4bf7-abc3-c91a48b05916.png
[0224/114717:INFO:collada.cc(302)] Loading Collada model "/70m_rev_e.dae" from zip file "C:\Development\adlnet.GitHub.com\3D-Repository\VwarWeb\App_Data\viewerTemp\f91b82b80e737b3b135b691f936654ceb1af824a4.zip"
[0224/114717:INFO:pack.cc(128)] CreateTextureFromFile(uri='antenna.png', filename='C:\Windows\TEMP\ef80ad41-7db9-4f89-8ee2-509bbb1a97c6.png')
[0224/114717:INFO:image_utils.cc(849)] Bitmap Found a PNG file : C:\Windows\TEMP\ef80ad41-7db9-4f89-8ee2-509bbb1a97c6.png
[0224/114738:INFO:collada.cc(302)] Loading Collada model "/70m_rev_e.dae" from zip file "C:\Development\adlnet.GitHub.com\3D-Repository\VwarWeb\App_Data\viewerTemp\f91b82b80e737b3b135b691f936654ceb1af824a93.zip"
[0224/114738:INFO:pack.cc(128)] CreateTextureFromFile(uri='antenna.png', filename='C:\Windows\TEMP\babbb279-b4cf-40a3-8432-05218cbd6281.png')
[0224/114738:INFO:image_utils.cc(849)] Bitmap Found a PNG file : C:\Windows\TEMP\babbb279-b4cf-40a3-8432-05218cbd6281.png
[0227/095926:INFO:collada.cc(302)] Loading Collada model "/70m_rev_e.dae" from zip file "C:\Development\adlnet.GitHub.com\3D-Repository\VwarWeb\App_Data\viewerTemp\f91b82b80e737b3b135b691f936654ceb1af824a27.zip"
[0227/095927:INFO:pack.cc(128)] CreateTextureFromFile(uri='antenna.png', filename='C:\Windows\TEMP\e67f4021-5b18-4c20-ae95-480b9d6e7f2f.png')
[0227/095927:INFO:image_utils.cc(849)] Bitmap Found a PNG file : C:\Windows\TEMP\e67f4021-5b18-4c20-ae95-480b9d6e7f2f.png
[0228/170517:INFO:collada.cc(302)] Loading Collada model "/AcrimSat_FINAL.dae" from zip file "C:\Users\chadwickr\AppData\Local\Temp\3gieljvb.gye.zip"
[0322/171049:INFO:collada.cc(302)] Loading Collada model "/9c076239161e03ad923e04857cf7e454567cd2bf4.dae" from zip file "C:\Development\adlnet.GitHub.com\3D-Repository\VwarWeb\App_Data\viewerTemp\9c076239161e03ad923e04857cf7e454567cd2bf4.zip"
[0326/111256:INFO:collada.cc(302)] Loading Collada model "/3429f4dc4d45cbb8ad18946d1c65ec1cda2a489a26.dae" from zip file "C:\Development\adlnet.GitHub.com\3D-Repository\VwarWeb\App_Data\viewerTemp\3429f4dc4d45cbb8ad18946d1c65ec1cda2a489a26.zip"
[0326/111429:INFO:collada.cc(302)] Loading Collada model "/3429f4dc4d45cbb8ad18946d1c65ec1cda2a489a4.dae" from zip file "C:\Development\adlnet.GitHub.com\3D-Repository\VwarWeb\App_Data\viewerTemp\3429f4dc4d45cbb8ad18946d1c65ec1cda2a489a4.zip"
[0326/112128:INFO:collada.cc(302)] Loading Collada model "/3429f4dc4d45cbb8ad18946d1c65ec1cda2a489a53.dae" from zip file "C:\Development\adlnet.GitHub.com\3D-Repository\VwarWeb\App_Data\viewerTemp\3429f4dc4d45cbb8ad18946d1c65ec1cda2a489a53.zip"
[0326/113141:INFO:collada.cc(302)] Loading Collada model "/3429f4dc4d45cbb8ad18946d1c65ec1cda2a489a7.dae" from zip file "C:\Development\adlnet.GitHub.com\3D-Repository\VwarWeb\App_Data\viewerTemp\3429f4dc4d45cbb8ad18946d1c65ec1cda2a489a7.zip"
[0326/113154:INFO:collada.cc(302)] Loading Collada model "/3429f4dc4d45cbb8ad18946d1c65ec1cda2a489a20.dae" from zip file "C:\Development\adlnet.GitHub.com\3D-Repository\VwarWeb\App_Data\viewerTemp\3429f4dc4d45cbb8ad18946d1c65ec1cda2a489a20.zip"
[0326/113338:INFO:collada.cc(302)] Loading Collada model "/3429f4dc4d45cbb8ad18946d1c65ec1cda2a489a47.dae" from zip file "C:\Development\adlnet.GitHub.com\3D-Repository\VwarWeb\App_Data\viewerTemp\3429f4dc4d45cbb8ad18946d1c65ec1cda2a489a47.zip"
[0402/111336:INFO:collada.cc(302)] Loading Collada model "/3429f4dc4d45cbb8ad18946d1c65ec1cda2a489a60.dae" from zip file "C:\Development\adlnet.GitHub.com\3D-Repository\VwarWeb\App_Data\viewerTemp\3429f4dc4d45cbb8ad18946d1c65ec1cda2a489a60.zip"
[0402/111434:INFO:collada.cc(302)] Loading Collada model "/8fa30f7da31b2320faaa1dc91a555ad243e900c56.dae" from zip file "C:\Development\adlnet.GitHub.com\3D-Repository\VwarWeb\App_Data\viewerTemp\8fa30f7da31b2320faaa1dc91a555ad243e900c56.zip"
[0402/112631:INFO:collada.cc(302)] Loading Collada model "/d3b3bde79b115c132cf23c84c55f84ef4135603669.dae" from zip file "C:\Development\adlnet.GitHub.com\3D-Repository\VwarWeb\App_Data\viewerTemp\d3b3bde79b115c132cf23c84c55f84ef4135603669.zip"
[0402/112631:INFO:pack.cc(128)] CreateTextureFromFile(uri='image1.png', filename='C:\Users\CHADWI~1\AppData\Local\Temp\7eebfb3a-8039-48e6-bba8-6452a8237395.png')
[0402/112632:INFO:image_utils.cc(849)] Bitmap Found a PNG file : C:\Users\CHADWI~1\AppData\Local\Temp\7eebfb3a-8039-48e6-bba8-6452a8237395.png
[0402/112632:INFO:pack.cc(128)] CreateTextureFromFile(uri='1image1.png', filename='C:\Users\CHADWI~1\AppData\Local\Temp\4931cb6c-3ac1-4d31-b4c2-a7217434781e.png')
[0402/112632:INFO:image_utils.cc(849)] Bitmap Found a PNG file : C:\Users\CHADWI~1\AppData\Local\Temp\4931cb6c-3ac1-4d31-b4c2-a7217434781e.png
[0402/112632:INFO:pack.cc(128)] CreateTextureFromFile(uri='11image1.png', filename='C:\Users\CHADWI~1\AppData\Local\Temp\a16f00be-11c5-4fbd-b3bf-85f0691d71ae.png')
[0402/112632:INFO:image_utils.cc(849)] Bitmap Found a PNG file : C:\Users\CHADWI~1\AppData\Local\Temp\a16f00be-11c5-4fbd-b3bf-85f0691d71ae.png
[0402/112632:INFO:pack.cc(128)] CreateTextureFromFile(uri='111image1.png', filename='C:\Users\CHADWI~1\AppData\Local\Temp\96a5a4ef-5c73-4dc4-bef5-f0a1ea5d2d16.png')
[0402/112632:INFO:image_utils.cc(849)] Bitmap Found a PNG file : C:\Users\CHADWI~1\AppData\Local\Temp\96a5a4ef-5c73-4dc4-bef5-f0a1ea5d2d16.png
[0402/112632:INFO:pack.cc(128)] CreateTextureFromFile(uri='1111image1.png', filename='C:\Users\CHADWI~1\AppData\Local\Temp\343f0050-759e-4e69-ad89-b447eb808fa4.png')
[0402/112632:INFO:image_utils.cc(849)] Bitmap Found a PNG file : C:\Users\CHADWI~1\AppData\Local\Temp\343f0050-759e-4e69-ad89-b447eb808fa4.png
[0402/112632:INFO:pack.cc(128)] CreateTextureFromFile(uri='11111image1.png', filename='C:\Users\CHADWI~1\AppData\Local\Temp\72128f2b-6ab3-4e6b-b660-77c7f6d2f0d0.png')
[0402/112632:INFO:image_utils.cc(849)] Bitmap Found a PNG file : C:\Users\CHADWI~1\AppData\Local\Temp\72128f2b-6ab3-4e6b-b660-77c7f6d2f0d0.png
[0402/112632:INFO:pack.cc(128)] CreateTextureFromFile(uri='111111image1.png', filename='C:\Users\CHADWI~1\AppData\Local\Temp\9d859144-b7a1-4ba1-b468-3a646aabc8ee.png')
[0402/112632:INFO:image_utils.cc(849)] Bitmap Found a PNG file : C:\Users\CHADWI~1\AppData\Local\Temp\9d859144-b7a1-4ba1-b468-3a646aabc8ee.png
[0402/112632:INFO:pack.cc(128)] CreateTextureFromFile(uri='1111111image1.png', filename='C:\Users\CHADWI~1\AppData\Local\Temp\0e887716-09fe-4cb5-918c-30f1198fc134.png')
[0402/112632:INFO:image_utils.cc(849)] Bitmap Found a PNG file : C:\Users\CHADWI~1\AppData\Local\Temp\0e887716-09fe-4cb5-918c-30f1198fc134.png
[0402/113111:INFO:collada.cc(302)] Loading Collada model "/d3b3bde79b115c132cf23c84c55f84ef4135603633.dae" from zip file "C:\Development\adlnet.GitHub.com\3D-Repository\VwarWeb\App_Data\viewerTemp\d3b3bde79b115c132cf23c84c55f84ef4135603633.zip"
[0402/113111:INFO:pack.cc(128)] CreateTextureFromFile(uri='image1.png', filename='C:\Users\CHADWI~1\AppData\Local\Temp\ee933382-2d53-4f72-bd46-dfd788fb41fd.png')
[0402/113111:INFO:image_utils.cc(849)] Bitmap Found a PNG file : C:\Users\CHADWI~1\AppData\Local\Temp\ee933382-2d53-4f72-bd46-dfd788fb41fd.png
[0402/113111:INFO:pack.cc(128)] CreateTextureFromFile(uri='1image1.png', filename='C:\Users\CHADWI~1\AppData\Local\Temp\20ef29be-709c-45a0-8fab-4857ea2c7500.png')
[0402/113111:INFO:image_utils.cc(849)] Bitmap Found a PNG file : C:\Users\CHADWI~1\AppData\Local\Temp\20ef29be-709c-45a0-8fab-4857ea2c7500.png
[0402/113112:INFO:pack.cc(128)] CreateTextureFromFile(uri='11image1.png', filename='C:\Users\CHADWI~1\AppData\Local\Temp\0af9c612-87f5-4003-bd43-ae37d1564f18.png')
[0402/113112:INFO:image_utils.cc(849)] Bitmap Found a PNG file : C:\Users\CHADWI~1\AppData\Local\Temp\0af9c612-87f5-4003-bd43-ae37d1564f18.png
[0402/113112:INFO:pack.cc(128)] CreateTextureFromFile(uri='111image1.png', filename='C:\Users\CHADWI~1\AppData\Local\Temp\ba0a49a7-7422-4703-9dbd-b42a31757e34.png')
[0402/113112:INFO:image_utils.cc(849)] Bitmap Found a PNG file : C:\Users\CHADWI~1\AppData\Local\Temp\ba0a49a7-7422-4703-9dbd-b42a31757e34.png
[0402/113112:INFO:pack.cc(128)] CreateTextureFromFile(uri='1111image1.png', filename='C:\Users\CHADWI~1\AppData\Local\Temp\cd1b81fd-9429-47cc-8a7d-971b0c4e6414.png')
[0402/113112:INFO:image_utils.cc(849)] Bitmap Found a PNG file : C:\Users\CHADWI~1\AppData\Local\Temp\cd1b81fd-9429-47cc-8a7d-971b0c4e6414.png
[0402/113112:INFO:pack.cc(128)] CreateTextureFromFile(uri='11111image1.png', filename='C:\Users\CHADWI~1\AppData\Local\Temp\310c6e6c-7b3c-4d19-91c7-0c5a1f98dee1.png')
[0402/113112:INFO:image_utils.cc(849)] Bitmap Found a PNG file : C:\Users\CHADWI~1\AppData\Local\Temp\310c6e6c-7b3c-4d19-91c7-0c5a1f98dee1.png
[0402/113112:INFO:pack.cc(128)] CreateTextureFromFile(uri='111111image1.png', filename='C:\Users\CHADWI~1\AppData\Local\Temp\59189724-3249-493d-9b28-20bac9e4bc8e.png')
[0402/113112:INFO:image_utils.cc(849)] Bitmap Found a PNG file : C:\Users\CHADWI~1\AppData\Local\Temp\59189724-3249-493d-9b28-20bac9e4bc8e.png
[0402/113112:INFO:pack.cc(128)] CreateTextureFromFile(uri='1111111image1.png', filename='C:\Users\CHADWI~1\AppData\Local\Temp\7b132eff-36e9-464e-8ef8-7984e54d82c3.png')
[0402/113112:INFO:image_utils.cc(849)] Bitmap Found a PNG file : C:\Users\CHADWI~1\AppData\Local\Temp\7b132eff-36e9-464e-8ef8-7984e54d82c3.png
[0402/113808:INFO:collada.cc(302)] Loading Collada model "/d3b3bde79b115c132cf23c84c55f84ef413560364.dae" from zip file "C:\Development\adlnet.GitHub.com\3D-Repository\VwarWeb\App_Data\viewerTemp\d3b3bde79b115c132cf23c84c55f84ef413560364.zip"
[0402/113809:INFO:pack.cc(128)] CreateTextureFromFile(uri='image1.png', filename='C:\Users\CHADWI~1\AppData\Local\Temp\1dbafd4d-dd27-4ba8-a8f6-8af3279c74d9.png')
[0402/113809:INFO:image_utils.cc(849)] Bitmap Found a PNG file : C:\Users\CHADWI~1\AppData\Local\Temp\1dbafd4d-dd27-4ba8-a8f6-8af3279c74d9.png
[0402/113809:INFO:pack.cc(128)] CreateTextureFromFile(uri='1image1.png', filename='C:\Users\CHADWI~1\AppData\Local\Temp\24d4e16a-10ba-4631-932e-43a133bd4308.png')
[0402/113809:INFO:image_utils.cc(849)] Bitmap Found a PNG file : C:\Users\CHADWI~1\AppData\Local\Temp\24d4e16a-10ba-4631-932e-43a133bd4308.png
[0402/113809:INFO:pack.cc(128)] CreateTextureFromFile(uri='11image1.png', filename='C:\Users\CHADWI~1\AppData\Local\Temp\de498d2b-4b6a-48c0-a421-98992b38547a.png')
[0402/113809:INFO:image_utils.cc(849)] Bitmap Found a PNG file : C:\Users\CHADWI~1\AppData\Local\Temp\de498d2b-4b6a-48c0-a421-98992b38547a.png
[0402/113809:INFO:pack.cc(128)] CreateTextureFromFile(uri='111image1.png', filename='C:\Users\CHADWI~1\AppData\Local\Temp\d41c9bfa-0e3c-44b5-aa56-0f7c628243b4.png')
[0402/113809:INFO:image_utils.cc(849)] Bitmap Found a PNG file : C:\Users\CHADWI~1\AppData\Local\Temp\d41c9bfa-0e3c-44b5-aa56-0f7c628243b4.png
[0402/113809:INFO:pack.cc(128)] CreateTextureFromFile(uri='1111image1.png', filename='C:\Users\CHADWI~1\AppData\Local\Temp\cd331f8d-e63b-4c61-ab6d-a2982c90f489.png')
[0402/113809:INFO:image_utils.cc(849)] Bitmap Found a PNG file : C:\Users\CHADWI~1\AppData\Local\Temp\cd331f8d-e63b-4c61-ab6d-a2982c90f489.png
[0402/113809:INFO:pack.cc(128)] CreateTextureFromFile(uri='11111image1.png', filename='C:\Users\CHADWI~1\AppData\Local\Temp\f771fb3c-a816-40c6-9ea2-c3f6c1fb3b94.png')
[0402/113809:INFO:image_utils.cc(849)] Bitmap Found a PNG file : C:\Users\CHADWI~1\AppData\Local\Temp\f771fb3c-a816-40c6-9ea2-c3f6c1fb3b94.png
[0402/113809:INFO:pack.cc(128)] CreateTextureFromFile(uri='111111image1.png', filename='C:\Users\CHADWI~1\AppData\Local\Temp\5819446e-0c1f-453f-ad58-1060694018f6.png')
[0402/113809:INFO:image_utils.cc(849)] Bitmap Found a PNG file : C:\Users\CHADWI~1\AppData\Local\Temp\5819446e-0c1f-453f-ad58-1060694018f6.png
[0402/113809:INFO:pack.cc(128)] CreateTextureFromFile(uri='1111111image1.png', filename='C:\Users\CHADWI~1\AppData\Local\Temp\04d5f4ee-8a75-428f-b621-25841f65e5b2.png')
[0402/113809:INFO:image_utils.cc(849)] Bitmap Found a PNG file : C:\Users\CHADWI~1\AppData\Local\Temp\04d5f4ee-8a75-428f-b621-25841f65e5b2.png
[0402/114157:INFO:collada.cc(302)] Loading Collada model "/d3b3bde79b115c132cf23c84c55f84ef4135603643.dae" from zip file "C:\Development\adlnet.GitHub.com\3D-Repository\VwarWeb\App_Data\viewerTemp\d3b3bde79b115c132cf23c84c55f84ef4135603643.zip"
[0402/114157:INFO:collada.cc(1728)] Could not find file: /image_0.png
[0402/114157:INFO:collada.cc(1729)] Adding Default: /image_0.png
[0402/114157:INFO:collada.cc(1728)] Could not find file: /1imag_1.png
[0402/114157:INFO:collada.cc(1729)] Adding Default: /1imag_1.png
[0402/114157:INFO:collada.cc(1728)] Could not find file: /11ima_2.png
[0402/114157:INFO:collada.cc(1729)] Adding Default: /11ima_2.png
[0402/114157:INFO:collada.cc(1728)] Could not find file: /111im_3.png
[0402/114157:INFO:collada.cc(1729)] Adding Default: /111im_3.png
[0402/114157:INFO:collada.cc(1728)] Could not find file: /1111i_4.png
[0402/114157:INFO:collada.cc(1729)] Adding Default: /1111i_4.png
[0402/114157:INFO:collada.cc(1728)] Could not find file: /11111_5.png
[0402/114157:INFO:collada.cc(1729)] Adding Default: /11111_5.png
[0402/114157:INFO:collada.cc(1728)] Could not find file: /11111_6.png
[0402/114157:INFO:collada.cc(1729)] Adding Default: /11111_6.png
[0402/114157:INFO:collada.cc(1728)] Could not find file: /11111_7.png
[0402/114157:INFO:collada.cc(1729)] Adding Default: /11111_7.png
[0402/115120:INFO:collada.cc(302)] Loading Collada model "/d3b3bde79b115c132cf23c84c55f84ef4135603623.dae" from zip file "C:\Development\adlnet.GitHub.com\3D-Repository\VwarWeb\App_Data\viewerTemp\d3b3bde79b115c132cf23c84c55f84ef4135603623.zip"
[0402/115120:INFO:pack.cc(128)] CreateTextureFromFile(uri='image1.png', filename='C:\Users\CHADWI~1\AppData\Local\Temp\96e7bd57-cbb7-4450-a74f-715749a8155c.png')
[0402/115120:INFO:image_utils.cc(849)] Bitmap Found a PNG file : C:\Users\CHADWI~1\AppData\Local\Temp\96e7bd57-cbb7-4450-a74f-715749a8155c.png
[0402/115120:INFO:pack.cc(128)] CreateTextureFromFile(uri='1image1.png', filename='C:\Users\CHADWI~1\AppData\Local\Temp\9ba3b991-e84f-4227-931b-dfc53a34bcea.png')
[0402/115120:INFO:image_utils.cc(849)] Bitmap Found a PNG file : C:\Users\CHADWI~1\AppData\Local\Temp\9ba3b991-e84f-4227-931b-dfc53a34bcea.png
[0402/115120:INFO:pack.cc(128)] CreateTextureFromFile(uri='11image1.png', filename='C:\Users\CHADWI~1\AppData\Local\Temp\dbb3868b-8063-41e3-b5da-df35788722ba.png')
[0402/115120:INFO:image_utils.cc(849)] Bitmap Found a PNG file : C:\Users\CHADWI~1\AppData\Local\Temp\dbb3868b-8063-41e3-b5da-df35788722ba.png
[0402/115120:INFO:pack.cc(128)] CreateTextureFromFile(uri='111image1.png', filename='C:\Users\CHADWI~1\AppData\Local\Temp\b44fa7cd-fc55-4f85-a232-1ff7d430be85.png')
[0402/115120:INFO:image_utils.cc(849)] Bitmap Found a PNG file : C:\Users\CHADWI~1\AppData\Local\Temp\b44fa7cd-fc55-4f85-a232-1ff7d430be85.png
[0402/115120:INFO:pack.cc(128)] CreateTextureFromFile(uri='1111image1.png', filename='C:\Users\CHADWI~1\AppData\Local\Temp\caf09fe0-8237-4c3c-b968-e73fc398f9a1.png')
[0402/115120:INFO:image_utils.cc(849)] Bitmap Found a PNG file : C:\Users\CHADWI~1\AppData\Local\Temp\caf09fe0-8237-4c3c-b968-e73fc398f9a1.png
[0402/115120:INFO:pack.cc(128)] CreateTextureFromFile(uri='11111image1.png', filename='C:\Users\CHADWI~1\AppData\Local\Temp\3e5111d0-f8a2-458c-9ba0-83ab7192bc5b.png')
[0402/115120:INFO:image_utils.cc(849)] Bitmap Found a PNG file : C:\Users\CHADWI~1\AppData\Local\Temp\3e5111d0-f8a2-458c-9ba0-83ab7192bc5b.png
[0402/115120:INFO:pack.cc(128)] CreateTextureFromFile(uri='111111image1.png', filename='C:\Users\CHADWI~1\AppData\Local\Temp\c066d344-adc0-413b-be71-6b13cc3e0fa0.png')
[0402/115120:INFO:image_utils.cc(849)] Bitmap Found a PNG file : C:\Users\CHADWI~1\AppData\Local\Temp\c066d344-adc0-413b-be71-6b13cc3e0fa0.png
[0402/115120:INFO:pack.cc(128)] CreateTextureFromFile(uri='1111111image1.png', filename='C:\Users\CHADWI~1\AppData\Local\Temp\b6f4fb89-977f-4bc0-bf5e-6716508700dc.png')
[0402/115120:INFO:image_utils.cc(849)] Bitmap Found a PNG file : C:\Users\CHADWI~1\AppData\Local\Temp\b6f4fb89-977f-4bc0-bf5e-6716508700dc.png
[0402/115648:INFO:collada.cc(302)] Loading Collada model "/d3b3bde79b115c132cf23c84c55f84ef4135603633.dae" from zip file "C:\Development\adlnet.GitHub.com\3D-Repository\VwarWeb\App_Data\viewerTemp\d3b3bde79b115c132cf23c84c55f84ef4135603633.zip"
[0402/115648:INFO:collada.cc(1728)] Could not find file: /image_1.png
[0402/115648:INFO:collada.cc(1729)] Adding Default: /image_1.png
[0402/115648:INFO:collada.cc(1728)] Could not find file: /1imag_3.png
[0402/115648:INFO:collada.cc(1729)] Adding Default: /1imag_3.png
[0402/115648:INFO:collada.cc(1728)] Could not find file: /11ima_5.png
[0402/115648:INFO:collada.cc(1729)] Adding Default: /11ima_5.png
[0402/115648:INFO:collada.cc(1728)] Could not find file: /111im_7.png
[0402/115648:INFO:collada.cc(1729)] Adding Default: /111im_7.png
[0402/115648:INFO:collada.cc(1728)] Could not find file: /1111i_9.png
[0402/115648:INFO:collada.cc(1729)] Adding Default: /1111i_9.png
[0402/115648:INFO:collada.cc(1728)] Could not find file: /11111_11.png
[0402/115648:INFO:collada.cc(1729)] Adding Default: /11111_11.png
[0402/115648:INFO:collada.cc(1728)] Could not find file: /11111_13.png
[0402/115648:INFO:collada.cc(1729)] Adding Default: /11111_13.png
[0402/115648:INFO:collada.cc(1728)] Could not find file: /11111_15.png
[0402/115648:INFO:collada.cc(1729)] Adding Default: /11111_15.png
[0402/121350:INFO:collada.cc(302)] Loading Collada model "/d3b3bde79b115c132cf23c84c55f84ef4135603688.dae" from zip file "C:\Development\adlnet.GitHub.com\3D-Repository\VwarWeb\App_Data\viewerTemp\d3b3bde79b115c132cf23c84c55f84ef4135603688.zip"
[0402/121350:INFO:pack.cc(128)] CreateTextureFromFile(uri='image1.png', filename='C:\Users\CHADWI~1\AppData\Local\Temp\d50e8f38-df97-4fbf-91f6-47f71be4bf81.png')
[0402/121350:INFO:image_utils.cc(849)] Bitmap Found a PNG file : C:\Users\CHADWI~1\AppData\Local\Temp\d50e8f38-df97-4fbf-91f6-47f71be4bf81.png
[0402/121350:INFO:pack.cc(128)] CreateTextureFromFile(uri='1image1.png', filename='C:\Users\CHADWI~1\AppData\Local\Temp\6bfaaf7e-e38d-4efa-a7dd-0fae627993fd.png')
[0402/121350:INFO:image_utils.cc(849)] Bitmap Found a PNG file : C:\Users\CHADWI~1\AppData\Local\Temp\6bfaaf7e-e38d-4efa-a7dd-0fae627993fd.png
[0402/121351:INFO:pack.cc(128)] CreateTextureFromFile(uri='11image1.png', filename='C:\Users\CHADWI~1\AppData\Local\Temp\896e3bb5-84ba-4403-8002-4939b6b46eca.png')
[0402/121351:INFO:image_utils.cc(849)] Bitmap Found a PNG file : C:\Users\CHADWI~1\AppData\Local\Temp\896e3bb5-84ba-4403-8002-4939b6b46eca.png
[0402/121351:INFO:pack.cc(128)] CreateTextureFromFile(uri='111image1.png', filename='C:\Users\CHADWI~1\AppData\Local\Temp\2e09e364-5929-46c9-90a6-921f3fa35c05.png')
[0402/121351:INFO:image_utils.cc(849)] Bitmap Found a PNG file : C:\Users\CHADWI~1\AppData\Local\Temp\2e09e364-5929-46c9-90a6-921f3fa35c05.png
[0402/121351:INFO:pack.cc(128)] CreateTextureFromFile(uri='1111image1.png', filename='C:\Users\CHADWI~1\AppData\Local\Temp\727a3ed2-993b-424a-890e-1b23aaf93c42.png')
[0402/121351:INFO:image_utils.cc(849)] Bitmap Found a PNG file : C:\Users\CHADWI~1\AppData\Local\Temp\727a3ed2-993b-424a-890e-1b23aaf93c42.png
[0402/121351:INFO:pack.cc(128)] CreateTextureFromFile(uri='11111image1.png', filename='C:\Users\CHADWI~1\AppData\Local\Temp\294f757e-a6e9-415a-8cf0-e44767833dc1.png')
[0402/121351:INFO:image_utils.cc(849)] Bitmap Found a PNG file : C:\Users\CHADWI~1\AppData\Local\Temp\294f757e-a6e9-415a-8cf0-e44767833dc1.png
[0402/121351:INFO:pack.cc(128)] CreateTextureFromFile(uri='111111image1.png', filename='C:\Users\CHADWI~1\AppData\Local\Temp\641be7bb-b2e9-4937-9fe8-06939bbc545a.png')
[0402/121351:INFO:image_utils.cc(849)] Bitmap Found a PNG file : C:\Users\CHADWI~1\AppData\Local\Temp\641be7bb-b2e9-4937-9fe8-06939bbc545a.png
[0402/121351:INFO:pack.cc(128)] CreateTextureFromFile(uri='1111111image1.png', filename='C:\Users\CHADWI~1\AppData\Local\Temp\9aa7bece-8d22-44f2-b5c1-617a2ca1e05d.png')
[0402/121351:INFO:image_utils.cc(849)] Bitmap Found a PNG file : C:\Users\CHADWI~1\AppData\Local\Temp\9aa7bece-8d22-44f2-b5c1-617a2ca1e05d.png
[0402/121545:INFO:collada.cc(302)] Loading Collada model "/d3b3bde79b115c132cf23c84c55f84ef4135603688.dae" from zip file "C:\Development\adlnet.GitHub.com\3D-Repository\VwarWeb\App_Data\viewerTemp\d3b3bde79b115c132cf23c84c55f84ef4135603688.zip"
[0402/121545:INFO:collada.cc(1728)] Could not find file: /image_1.png
[0402/121545:INFO:collada.cc(1729)] Adding Default: /image_1.png
[0402/121545:INFO:collada.cc(1728)] Could not find file: /1imag_3.png
[0402/121545:INFO:collada.cc(1729)] Adding Default: /1imag_3.png
[0402/121545:INFO:collada.cc(1728)] Could not find file: /11ima_5.png
[0402/121545:INFO:collada.cc(1729)] Adding Default: /11ima_5.png
[0402/121545:INFO:collada.cc(1728)] Could not find file: /111im_7.png
[0402/121545:INFO:collada.cc(1729)] Adding Default: /111im_7.png
[0402/121545:INFO:collada.cc(1728)] Could not find file: /1111i_9.png
[0402/121545:INFO:collada.cc(1729)] Adding Default: /1111i_9.png
[0402/121545:INFO:collada.cc(1728)] Could not find file: /11111_11.png
[0402/121545:INFO:collada.cc(1729)] Adding Default: /11111_11.png
[0402/121545:INFO:collada.cc(1728)] Could not find file: /11111_13.png
[0402/121545:INFO:collada.cc(1729)] Adding Default: /11111_13.png
[0402/121545:INFO:collada.cc(1728)] Could not find file: /11111_15.png
[0402/121545:INFO:collada.cc(1729)] Adding Default: /11111_15.png
[0402/122219:INFO:collada.cc(302)] Loading Collada model "/d3b3bde79b115c132cf23c84c55f84ef4135603640.dae" from zip file "C:\Development\adlnet.GitHub.com\3D-Repository\VwarWeb\App_Data\viewerTemp\d3b3bde79b115c132cf23c84c55f84ef4135603640.zip"
[0402/122219:INFO:pack.cc(128)] CreateTextureFromFile(uri='image1.png', filename='C:\Users\CHADWI~1\AppData\Local\Temp\2d024d6a-15f4-488a-89b6-b977ade0c7e2.png')
[0402/122219:INFO:image_utils.cc(849)] Bitmap Found a PNG file : C:\Users\CHADWI~1\AppData\Local\Temp\2d024d6a-15f4-488a-89b6-b977ade0c7e2.png
[0402/122219:INFO:pack.cc(128)] CreateTextureFromFile(uri='1image1.png', filename='C:\Users\CHADWI~1\AppData\Local\Temp\0e7dd1bd-ca98-4881-9a63-06f37f561b6a.png')
[0402/122219:INFO:image_utils.cc(849)] Bitmap Found a PNG file : C:\Users\CHADWI~1\AppData\Local\Temp\0e7dd1bd-ca98-4881-9a63-06f37f561b6a.png
[0402/122219:INFO:pack.cc(128)] CreateTextureFromFile(uri='11image1.png', filename='C:\Users\CHADWI~1\AppData\Local\Temp\edb7e486-e92f-4c31-b72d-1cbc6f7bb3cd.png')
[0402/122219:INFO:image_utils.cc(849)] Bitmap Found a PNG file : C:\Users\CHADWI~1\AppData\Local\Temp\edb7e486-e92f-4c31-b72d-1cbc6f7bb3cd.png
[0402/122219:INFO:pack.cc(128)] CreateTextureFromFile(uri='111image1.png', filename='C:\Users\CHADWI~1\AppData\Local\Temp\6ba6e3ca-1716-4135-b3cc-bf637b320a60.png')
[0402/122219:INFO:image_utils.cc(849)] Bitmap Found a PNG file : C:\Users\CHADWI~1\AppData\Local\Temp\6ba6e3ca-1716-4135-b3cc-bf637b320a60.png
[0402/122219:INFO:pack.cc(128)] CreateTextureFromFile(uri='1111image1.png', filename='C:\Users\CHADWI~1\AppData\Local\Temp\2c8b1f0a-4646-47cc-8802-19bee4dcd8ac.png')
[0402/122219:INFO:image_utils.cc(849)] Bitmap Found a PNG file : C:\Users\CHADWI~1\AppData\Local\Temp\2c8b1f0a-4646-47cc-8802-19bee4dcd8ac.png
[0402/122219:INFO:pack.cc(128)] CreateTextureFromFile(uri='11111image1.png', filename='C:\Users\CHADWI~1\AppData\Local\Temp\ceae1e20-3ba9-47a9-b15f-e42aa3a08e05.png')
[0402/122219:INFO:image_utils.cc(849)] Bitmap Found a PNG file : C:\Users\CHADWI~1\AppData\Local\Temp\ceae1e20-3ba9-47a9-b15f-e42aa3a08e05.png
[0402/122219:INFO:pack.cc(128)] CreateTextureFromFile(uri='111111image1.png', filename='C:\Users\CHADWI~1\AppData\Local\Temp\05cb1f77-ef46-4b15-8a5d-ed290b9d97cd.png')
[0402/122219:INFO:image_utils.cc(849)] Bitmap Found a PNG file : C:\Users\CHADWI~1\AppData\Local\Temp\05cb1f77-ef46-4b15-8a5d-ed290b9d97cd.png
[0402/122219:INFO:pack.cc(128)] CreateTextureFromFile(uri='1111111image1.png', filename='C:\Users\CHADWI~1\AppData\Local\Temp\03ce096b-7902-4808-acee-1c0c0eecf475.png')
[0402/122219:INFO:image_utils.cc(849)] Bitmap Found a PNG file : C:\Users\CHADWI~1\AppData\Local\Temp\03ce096b-7902-4808-acee-1c0c0eecf475.png
[0402/122444:INFO:collada.cc(302)] Loading Collada model "/d3b3bde79b115c132cf23c84c55f84ef4135603621.dae" from zip file "C:\Development\adlnet.GitHub.com\3D-Repository\VwarWeb\App_Data\viewerTemp\d3b3bde79b115c132cf23c84c55f84ef4135603621.zip"
[0402/122444:INFO:collada.cc(1728)] Could not find file: /image_1.png
[0402/122444:INFO:collada.cc(1729)] Adding Default: /image_1.png
[0402/122444:INFO:collada.cc(1728)] Could not find file: /1imag_3.png
[0402/122444:INFO:collada.cc(1729)] Adding Default: /1imag_3.png
[0402/122444:INFO:collada.cc(1728)] Could not find file: /11ima_5.png
[0402/122444:INFO:collada.cc(1729)] Adding Default: /11ima_5.png
[0402/122444:INFO:collada.cc(1728)] Could not find file: /111im_7.png
[0402/122444:INFO:collada.cc(1729)] Adding Default: /111im_7.png
[0402/122444:INFO:collada.cc(1728)] Could not find file: /1111i_9.png
[0402/122444:INFO:collada.cc(1729)] Adding Default: /1111i_9.png
[0402/122444:INFO:collada.cc(1728)] Could not find file: /11111_11.png
[0402/122444:INFO:collada.cc(1729)] Adding Default: /11111_11.png
[0402/122444:INFO:collada.cc(1728)] Could not find file: /11111_13.png
[0402/122444:INFO:collada.cc(1729)] Adding Default: /11111_13.png
[0402/122444:INFO:collada.cc(1728)] Could not find file: /11111_15.png
[0402/122444:INFO:collada.cc(1729)] Adding Default: /11111_15.png
[0402/122558:INFO:collada.cc(302)] Loading Collada model "/d3b3bde79b115c132cf23c84c55f84ef4135603623.dae" from zip file "C:\Development\adlnet.GitHub.com\3D-Repository\VwarWeb\App_Data\viewerTemp\d3b3bde79b115c132cf23c84c55f84ef4135603623.zip"
[0402/122558:INFO:pack.cc(128)] CreateTextureFromFile(uri='image1.png', filename='C:\Users\CHADWI~1\AppData\Local\Temp\b28ea122-40be-4d53-8b12-89496ec34dc8.png')
[0402/122558:INFO:image_utils.cc(849)] Bitmap Found a PNG file : C:\Users\CHADWI~1\AppData\Local\Temp\b28ea122-40be-4d53-8b12-89496ec34dc8.png
[0402/122558:INFO:pack.cc(128)] CreateTextureFromFile(uri='1image1.png', filename='C:\Users\CHADWI~1\AppData\Local\Temp\9c736028-2db3-4607-819e-59f3a71c070d.png')
[0402/122558:INFO:image_utils.cc(849)] Bitmap Found a PNG file : C:\Users\CHADWI~1\AppData\Local\Temp\9c736028-2db3-4607-819e-59f3a71c070d.png
[0402/122558:INFO:pack.cc(128)] CreateTextureFromFile(uri='11image1.png', filename='C:\Users\CHADWI~1\AppData\Local\Temp\aeaac414-402f-4713-acec-f7d0334f3acd.png')
[0402/122558:INFO:image_utils.cc(849)] Bitmap Found a PNG file : C:\Users\CHADWI~1\AppData\Local\Temp\aeaac414-402f-4713-acec-f7d0334f3acd.png
[0402/122558:INFO:pack.cc(128)] CreateTextureFromFile(uri='111image1.png', filename='C:\Users\CHADWI~1\AppData\Local\Temp\9ad02cca-15f9-4a30-acc3-4eaa10f40db2.png')
[0402/122558:INFO:image_utils.cc(849)] Bitmap Found a PNG file : C:\Users\CHADWI~1\AppData\Local\Temp\9ad02cca-15f9-4a30-acc3-4eaa10f40db2.png
[0402/122558:INFO:pack.cc(128)] CreateTextureFromFile(uri='1111image1.png', filename='C:\Users\CHADWI~1\AppData\Local\Temp\12601d8c-25a8-4917-a08f-6f9214b53c01.png')
[0402/122558:INFO:image_utils.cc(849)] Bitmap Found a PNG file : C:\Users\CHADWI~1\AppData\Local\Temp\12601d8c-25a8-4917-a08f-6f9214b53c01.png
[0402/122558:INFO:pack.cc(128)] CreateTextureFromFile(uri='11111image1.png', filename='C:\Users\CHADWI~1\AppData\Local\Temp\0420de9c-ba63-4f02-87f5-c1b004868b7d.png')
[0402/122558:INFO:image_utils.cc(849)] Bitmap Found a PNG file : C:\Users\CHADWI~1\AppData\Local\Temp\0420de9c-ba63-4f02-87f5-c1b004868b7d.png
[0402/122558:INFO:pack.cc(128)] CreateTextureFromFile(uri='111111image1.png', filename='C:\Users\CHADWI~1\AppData\Local\Temp\bfac98d1-91b3-414f-bd86-b0ec1870e404.png')
[0402/122558:INFO:image_utils.cc(849)] Bitmap Found a PNG file : C:\Users\CHADWI~1\AppData\Local\Temp\bfac98d1-91b3-414f-bd86-b0ec1870e404.png
[0402/122558:INFO:pack.cc(128)] CreateTextureFromFile(uri='1111111image1.png', filename='C:\Users\CHADWI~1\AppData\Local\Temp\fe0912ec-f92f-459f-b0ca-e286d21695e9.png')
[0402/122558:INFO:image_utils.cc(849)] Bitmap Found a PNG file : C:\Users\CHADWI~1\AppData\Local\Temp\fe0912ec-f92f-459f-b0ca-e286d21695e9.png
[0402/123656:INFO:collada.cc(302)] Loading Collada model "/d3b3bde79b115c132cf23c84c55f84ef4135603641.dae" from zip file "C:\Development\adlnet.GitHub.com\3D-Repository\VwarWeb\App_Data\viewerTemp\d3b3bde79b115c132cf23c84c55f84ef4135603641.zip"
[0402/123656:INFO:collada.cc(1728)] Could not find file: /image_1.png
[0402/123656:INFO:collada.cc(1729)] Adding Default: /image_1.png
[0402/123656:INFO:collada.cc(1728)] Could not find file: /1imag_3.png
[0402/123656:INFO:collada.cc(1729)] Adding Default: /1imag_3.png
[0402/123656:INFO:collada.cc(1728)] Could not find file: /11ima_5.png
[0402/123656:INFO:collada.cc(1729)] Adding Default: /11ima_5.png
[0402/123656:INFO:collada.cc(1728)] Could not find file: /111im_7.png
[0402/123656:INFO:collada.cc(1729)] Adding Default: /111im_7.png
[0402/123656:INFO:collada.cc(1728)] Could not find file: /1111i_9.png
[0402/123656:INFO:collada.cc(1729)] Adding Default: /1111i_9.png
[0402/123656:INFO:collada.cc(1728)] Could not find file: /11111_11.png
[0402/123656:INFO:collada.cc(1729)] Adding Default: /11111_11.png
[0402/123656:INFO:collada.cc(1728)] Could not find file: /11111_13.png
[0402/123656:INFO:collada.cc(1729)] Adding Default: /11111_13.png
[0402/123656:INFO:collada.cc(1728)] Could not find file: /11111_15.png
[0402/123656:INFO:collada.cc(1729)] Adding Default: /11111_15.png
[0402/124847:INFO:collada.cc(302)] Loading Collada model "/d3b3bde79b115c132cf23c84c55f84ef4135603697.dae" from zip file "C:\Development\adlnet.GitHub.com\3D-Repository\VwarWeb\App_Data\viewerTemp\d3b3bde79b115c132cf23c84c55f84ef4135603697.zip"
[0402/124847:INFO:pack.cc(128)] CreateTextureFromFile(uri='image1.png', filename='C:\Windows\TEMP\9b50afc0-db00-4939-8d5f-0240c4cb9306.png')
[0402/124847:INFO:image_utils.cc(849)] Bitmap Found a PNG file : C:\Windows\TEMP\9b50afc0-db00-4939-8d5f-0240c4cb9306.png
[0402/124847:INFO:pack.cc(128)] CreateTextureFromFile(uri='1image1.png', filename='C:\Windows\TEMP\42b7e123-9fd1-4830-83c6-34a60d8fd81f.png')
[0402/124847:INFO:image_utils.cc(849)] Bitmap Found a PNG file : C:\Windows\TEMP\42b7e123-9fd1-4830-83c6-34a60d8fd81f.png
[0402/124847:INFO:pack.cc(128)] CreateTextureFromFile(uri='11image1.png', filename='C:\Windows\TEMP\b0bf388c-e463-43d2-a422-14b1315ad92f.png')
[0402/124847:INFO:image_utils.cc(849)] Bitmap Found a PNG file : C:\Windows\TEMP\b0bf388c-e463-43d2-a422-14b1315ad92f.png
[0402/124847:INFO:pack.cc(128)] CreateTextureFromFile(uri='111im_6.png', filename='C:\Windows\TEMP\7daf379e-6218-4fa7-8f2b-96e4938158a2.png')
[0402/124847:INFO:image_utils.cc(849)] Bitmap Found a PNG file : C:\Windows\TEMP\7daf379e-6218-4fa7-8f2b-96e4938158a2.png
[0402/124847:INFO:pack.cc(128)] CreateTextureFromFile(uri='1111i_8.png', filename='C:\Windows\TEMP\c166675c-65a3-4f43-9939-c1be02c26dc7.png')
[0402/124847:INFO:image_utils.cc(849)] Bitmap Found a PNG file : C:\Windows\TEMP\c166675c-65a3-4f43-9939-c1be02c26dc7.png
[0402/124847:INFO:pack.cc(128)] CreateTextureFromFile(uri='11111_10.png', filename='C:\Windows\TEMP\d0e21e49-42fa-434e-8b97-1b248bf3c662.png')
[0402/124847:INFO:image_utils.cc(849)] Bitmap Found a PNG file : C:\Windows\TEMP\d0e21e49-42fa-434e-8b97-1b248bf3c662.png
[0402/124847:INFO:pack.cc(128)] CreateTextureFromFile(uri='11111_12.png', filename='C:\Windows\TEMP\91fa9f49-51a9-4f19-b13b-39eb83e6bbd6.png')
[0402/124847:INFO:image_utils.cc(849)] Bitmap Found a PNG file : C:\Windows\TEMP\91fa9f49-51a9-4f19-b13b-39eb83e6bbd6.png
[0402/124847:INFO:pack.cc(128)] CreateTextureFromFile(uri='11111_14.png', filename='C:\Windows\TEMP\5eb23686-29fd-4e7c-924c-d56fd8e89657.png')
[0402/124847:INFO:image_utils.cc(849)] Bitmap Found a PNG file : C:\Windows\TEMP\5eb23686-29fd-4e7c-924c-d56fd8e89657.png
[0402/125255:INFO:collada.cc(302)] Loading Collada model "/d3b3bde79b115c132cf23c84c55f84ef4135603659.dae" from zip file "C:\Development\adlnet.GitHub.com\3D-Repository\VwarWeb\App_Data\viewerTemp\d3b3bde79b115c132cf23c84c55f84ef4135603659.zip"
[0402/125255:INFO:pack.cc(128)] CreateTextureFromFile(uri='image1.png', filename='C:\Windows\TEMP\489171f2-d743-4c43-af83-441e1b01508e.png')
[0402/125255:INFO:image_utils.cc(849)] Bitmap Found a PNG file : C:\Windows\TEMP\489171f2-d743-4c43-af83-441e1b01508e.png
[0402/125255:INFO:pack.cc(128)] CreateTextureFromFile(uri='image11.png', filename='C:\Windows\TEMP\95e1dd0d-91bf-492d-bc80-249145b7945b.png')
[0402/125255:INFO:image_utils.cc(849)] Bitmap Found a PNG file : C:\Windows\TEMP\95e1dd0d-91bf-492d-bc80-249145b7945b.png
[0402/125255:INFO:pack.cc(128)] CreateTextureFromFile(uri='image111.png', filename='C:\Windows\TEMP\235c0eec-faea-42c1-a37d-2de776faa9b9.png')
[0402/125255:INFO:image_utils.cc(849)] Bitmap Found a PNG file : C:\Windows\TEMP\235c0eec-faea-42c1-a37d-2de776faa9b9.png
[0402/125255:INFO:pack.cc(128)] CreateTextureFromFile(uri='image_6.png', filename='C:\Windows\TEMP\e24e727e-20f0-414c-a9b3-5840f4e503b9.png')
[0402/125255:INFO:image_utils.cc(849)] Bitmap Found a PNG file : C:\Windows\TEMP\e24e727e-20f0-414c-a9b3-5840f4e503b9.png
[0402/125255:INFO:pack.cc(128)] CreateTextureFromFile(uri='image_8.png', filename='C:\Windows\TEMP\1248e76b-6234-410d-a830-d12ccbf638a0.png')
[0402/125255:INFO:image_utils.cc(849)] Bitmap Found a PNG file : C:\Windows\TEMP\1248e76b-6234-410d-a830-d12ccbf638a0.png
[0402/125255:INFO:pack.cc(128)] CreateTextureFromFile(uri='image_10.png', filename='C:\Windows\TEMP\24c6bbd6-d563-429d-bef6-b2bf6c415b3e.png')
[0402/125255:INFO:image_utils.cc(849)] Bitmap Found a PNG file : C:\Windows\TEMP\24c6bbd6-d563-429d-bef6-b2bf6c415b3e.png
[0402/125255:INFO:pack.cc(128)] CreateTextureFromFile(uri='image_12.png', filename='C:\Windows\TEMP\4f5002bd-53db-4ea0-bdfe-3edc5389fca0.png')
[0402/125255:INFO:image_utils.cc(849)] Bitmap Found a PNG file : C:\Windows\TEMP\4f5002bd-53db-4ea0-bdfe-3edc5389fca0.png
[0402/125256:INFO:pack.cc(128)] CreateTextureFromFile(uri='image_14.png', filename='C:\Windows\TEMP\2940dc70-de78-48a6-bfa3-0567a174d2b1.png')
[0402/125256:INFO:image_utils.cc(849)] Bitmap Found a PNG file : C:\Windows\TEMP\2940dc70-de78-48a6-bfa3-0567a174d2b1.png
[0710/154940:INFO:collada.cc(302)] Loading Collada model "/skiffs.dae" from zip file "C:\Development\adlnet.GitHub.com\3D-Repository\VwarWeb\App_Data\viewerTemp\2c12da990e61b2203f511f816c2bcde893ddd72664.zip"
[0710/154941:INFO:pack.cc(128)] CreateTextureFromFile(uri='24ft_skiff.png', filename='C:\Users\CHADWI~1\AppData\Local\Temp\4cb39881-5a51-402c-8ad2-e872fd6a4261.png')
[0710/154941:INFO:image_utils.cc(849)] Bitmap Found a PNG file : C:\Users\CHADWI~1\AppData\Local\Temp\4cb39881-5a51-402c-8ad2-e872fd6a4261.png
[0710/154941:INFO:pack.cc(128)] CreateTextureFromFile(uri='outboard.png', filename='C:\Users\CHADWI~1\AppData\Local\Temp\789cae77-a3a0-4234-a825-555c117b87b0.png')
[0710/154941:INFO:image_utils.cc(849)] Bitmap Found a PNG file : C:\Users\CHADWI~1\AppData\Local\Temp\789cae77-a3a0-4234-a825-555c117b87b0.png
[0710/154941:INFO:pack.cc(128)] CreateTextureFromFile(uri='emerencyjug.png', filename='C:\Users\CHADWI~1\AppData\Local\Temp\00fa6230-9ec8-4057-9321-7dd6cb509d7e.png')
[0710/154941:INFO:image_utils.cc(849)] Bitmap Found a PNG file : C:\Users\CHADWI~1\AppData\Local\Temp\00fa6230-9ec8-4057-9321-7dd6cb509d7e.png
[0710/154941:INFO:pack.cc(128)] CreateTextureFromFile(uri='ladder.png', filename='C:\Users\CHADWI~1\AppData\Local\Temp\afb8f571-966c-4528-a291-c740dd6ca7eb.png')
[0710/154941:INFO:image_utils.cc(849)] Bitmap Found a PNG file : C:\Users\CHADWI~1\AppData\Local\Temp\afb8f571-966c-4528-a291-c740dd6ca7eb.png
[0710/154941:INFO:pack.cc(128)] CreateTextureFromFile(uri='long_skiff.png', filename='C:\Users\CHADWI~1\AppData\Local\Temp\16c6164a-17d3-4d6f-bbd9-3df893a3cfe4.png')
[0710/154941:INFO:image_utils.cc(849)] Bitmap Found a PNG file : C:\Users\CHADWI~1\AppData\Local\Temp\16c6164a-17d3-4d6f-bbd9-3df893a3cfe4.png
[0710/154941:INFO:pack.cc(128)] CreateTextureFromFile(uri='oldmercmotor.png', filename='C:\Users\CHADWI~1\AppData\Local\Temp\69de0734-30b5-4f73-8c7f-7c70cd3c3d34.png')
[0710/154941:INFO:image_utils.cc(849)] Bitmap Found a PNG file : C:\Users\CHADWI~1\AppData\Local\Temp\69de0734-30b5-4f73-8c7f-7c70cd3c3d34.png
[0710/155045:INFO:collada.cc(302)] Loading Collada model "/skiffs.dae" from zip file "C:\Development\adlnet.GitHub.com\3D-Repository\VwarWeb\App_Data\viewerTemp\2c12da990e61b2203f511f816c2bcde893ddd72697.zip"
[0710/155045:INFO:pack.cc(128)] CreateTextureFromFile(uri='24ft_skiff.png', filename='C:\Users\CHADWI~1\AppData\Local\Temp\dc959827-3c7c-48b1-a84e-3e18800e3f3a.png')
[0710/155045:INFO:image_utils.cc(849)] Bitmap Found a PNG file : C:\Users\CHADWI~1\AppData\Local\Temp\dc959827-3c7c-48b1-a84e-3e18800e3f3a.png
[0710/155045:INFO:pack.cc(128)] CreateTextureFromFile(uri='outboard.png', filename='C:\Users\CHADWI~1\AppData\Local\Temp\f3f19b75-2276-40cc-9500-a0f51b2ec20c.png')
[0710/155045:INFO:image_utils.cc(849)] Bitmap Found a PNG file : C:\Users\CHADWI~1\AppData\Local\Temp\f3f19b75-2276-40cc-9500-a0f51b2ec20c.png
[0710/155045:INFO:pack.cc(128)] CreateTextureFromFile(uri='emerencyjug.png', filename='C:\Users\CHADWI~1\AppData\Local\Temp\775c54c8-680f-4ed3-9a10-9ad2ad3e142d.png')
[0710/155045:INFO:image_utils.cc(849)] Bitmap Found a PNG file : C:\Users\CHADWI~1\AppData\Local\Temp\775c54c8-680f-4ed3-9a10-9ad2ad3e142d.png
[0710/155045:INFO:pack.cc(128)] CreateTextureFromFile(uri='ladder.png', filename='C:\Users\CHADWI~1\AppData\Local\Temp\b78301fe-ddf7-456a-83fb-ff55da34d5c6.png')
[0710/155045:INFO:image_utils.cc(849)] Bitmap Found a PNG file : C:\Users\CHADWI~1\AppData\Local\Temp\b78301fe-ddf7-456a-83fb-ff55da34d5c6.png
[0710/155045:INFO:pack.cc(128)] CreateTextureFromFile(uri='long_skiff.png', filename='C:\Users\CHADWI~1\AppData\Local\Temp\472893aa-c320-4b0b-ba14-0818a8e8a973.png')
[0710/155045:INFO:image_utils.cc(849)] Bitmap Found a PNG file : C:\Users\CHADWI~1\AppData\Local\Temp\472893aa-c320-4b0b-ba14-0818a8e8a973.png
[0710/155045:INFO:pack.cc(128)] CreateTextureFromFile(uri='oldmercmotor.png', filename='C:\Users\CHADWI~1\AppData\Local\Temp\52a00a7b-38bd-4636-80c9-9007dbff9355.png')
[0710/155045:INFO:image_utils.cc(849)] Bitmap Found a PNG file : C:\Users\CHADWI~1\AppData\Local\Temp\52a00a7b-38bd-4636-80c9-9007dbff9355.png
[0710/155212:INFO:collada.cc(302)] Loading Collada model "/skiffs.dae" from zip file "C:\Development\adlnet.GitHub.com\3D-Repository\VwarWeb\App_Data\viewerTemp\2c12da990e61b2203f511f816c2bcde893ddd72618.zip"
[0710/155212:INFO:pack.cc(128)] CreateTextureFromFile(uri='24ft_skiff.png', filename='C:\Users\CHADWI~1\AppData\Local\Temp\b9e11c55-537b-4900-b4f7-a2a626ea5a77.png')
[0710/155212:INFO:image_utils.cc(849)] Bitmap Found a PNG file : C:\Users\CHADWI~1\AppData\Local\Temp\b9e11c55-537b-4900-b4f7-a2a626ea5a77.png
[0710/155212:INFO:pack.cc(128)] CreateTextureFromFile(uri='outboard.png', filename='C:\Users\CHADWI~1\AppData\Local\Temp\a0e9df07-8c80-4458-a0d5-b71ad008b960.png')
[0710/155212:INFO:image_utils.cc(849)] Bitmap Found a PNG file : C:\Users\CHADWI~1\AppData\Local\Temp\a0e9df07-8c80-4458-a0d5-b71ad008b960.png
[0710/155212:INFO:pack.cc(128)] CreateTextureFromFile(uri='emerencyjug.png', filename='C:\Users\CHADWI~1\AppData\Local\Temp\a5da5b15-5e01-46e9-81a8-6084b369a1cd.png')
[0710/155212:INFO:image_utils.cc(849)] Bitmap Found a PNG file : C:\Users\CHADWI~1\AppData\Local\Temp\a5da5b15-5e01-46e9-81a8-6084b369a1cd.png
[0710/155212:INFO:pack.cc(128)] CreateTextureFromFile(uri='ladder.png', filename='C:\Users\CHADWI~1\AppData\Local\Temp\a9276a85-7428-442f-bef8-399cffcda5c9.png')
[0710/155212:INFO:image_utils.cc(849)] Bitmap Found a PNG file : C:\Users\CHADWI~1\AppData\Local\Temp\a9276a85-7428-442f-bef8-399cffcda5c9.png
[0710/155212:INFO:pack.cc(128)] CreateTextureFromFile(uri='long_skiff.png', filename='C:\Users\CHADWI~1\AppData\Local\Temp\7942ffe4-92d6-4e14-85b9-4acdad0bf992.png')
[0710/155212:INFO:image_utils.cc(849)] Bitmap Found a PNG file : C:\Users\CHADWI~1\AppData\Local\Temp\7942ffe4-92d6-4e14-85b9-4acdad0bf992.png
[0710/155212:INFO:pack.cc(128)] CreateTextureFromFile(uri='oldmercmotor.png', filename='C:\Users\CHADWI~1\AppData\Local\Temp\ab01acfe-68e2-4a7c-a4be-e6f42efaaf7a.png')
[0710/155212:INFO:image_utils.cc(849)] Bitmap Found a PNG file : C:\Users\CHADWI~1\AppData\Local\Temp\ab01acfe-68e2-4a7c-a4be-e6f42efaaf7a.png
[0710/155232:INFO:collada.cc(302)] Loading Collada model "/skiffs.dae" from zip file "C:\Development\adlnet.GitHub.com\3D-Repository\VwarWeb\App_Data\viewerTemp\2c12da990e61b2203f511f816c2bcde893ddd72618.zip"
[0710/155233:INFO:pack.cc(128)] CreateTextureFromFile(uri='24ft_skiff.png', filename='C:\Users\CHADWI~1\AppData\Local\Temp\94c03ec3-3e5e-463d-a0ee-055c235949bd.png')
[0710/155233:INFO:image_utils.cc(849)] Bitmap Found a PNG file : C:\Users\CHADWI~1\AppData\Local\Temp\94c03ec3-3e5e-463d-a0ee-055c235949bd.png
[0710/155233:INFO:pack.cc(128)] CreateTextureFromFile(uri='outboard.png', filename='C:\Users\CHADWI~1\AppData\Local\Temp\654cd2cd-ea24-48dc-8534-4e1611f983e8.png')
[0710/155233:INFO:image_utils.cc(849)] Bitmap Found a PNG file : C:\Users\CHADWI~1\AppData\Local\Temp\654cd2cd-ea24-48dc-8534-4e1611f983e8.png
[0710/155233:INFO:pack.cc(128)] CreateTextureFromFile(uri='emerencyjug.png', filename='C:\Users\CHADWI~1\AppData\Local\Temp\85e78e98-7895-46ac-8404-c3a93afa3f05.png')
[0710/155233:INFO:image_utils.cc(849)] Bitmap Found a PNG file : C:\Users\CHADWI~1\AppData\Local\Temp\85e78e98-7895-46ac-8404-c3a93afa3f05.png
[0710/155233:INFO:pack.cc(128)] CreateTextureFromFile(uri='ladder.png', filename='C:\Users\CHADWI~1\AppData\Local\Temp\5e3870a6-b7f0-47f6-805e-1b621d2902be.png')
[0710/155233:INFO:image_utils.cc(849)] Bitmap Found a PNG file : C:\Users\CHADWI~1\AppData\Local\Temp\5e3870a6-b7f0-47f6-805e-1b621d2902be.png
[0710/155233:INFO:pack.cc(128)] CreateTextureFromFile(uri='long_skiff.png', filename='C:\Users\CHADWI~1\AppData\Local\Temp\f112383b-dda7-4789-9b9a-9bcba6aaf698.png')
[0710/155233:INFO:image_utils.cc(849)] Bitmap Found a PNG file : C:\Users\CHADWI~1\AppData\Local\Temp\f112383b-dda7-4789-9b9a-9bcba6aaf698.png
[0710/155233:INFO:pack.cc(128)] CreateTextureFromFile(uri='oldmercmotor.png', filename='C:\Users\CHADWI~1\AppData\Local\Temp\8a6f1386-6456-4000-982c-22fbcdabca41.png')
[0710/155233:INFO:image_utils.cc(849)] Bitmap Found a PNG file : C:\Users\CHADWI~1\AppData\Local\Temp\8a6f1386-6456-4000-982c-22fbcdabca41.png
[0710/155655:INFO:collada.cc(302)] Loading Collada model "/skiffs.dae" from zip file "C:\Development\adlnet.GitHub.com\3D-Repository\VwarWeb\App_Data\viewerTemp\2c12da990e61b2203f511f816c2bcde893ddd72668.zip"
[0710/155655:INFO:pack.cc(128)] CreateTextureFromFile(uri='24ft_skiff.png', filename='C:\Users\CHADWI~1\AppData\Local\Temp\9664faef-c614-419c-9603-97f86ddf2f28.png')
[0710/155655:INFO:image_utils.cc(849)] Bitmap Found a PNG file : C:\Users\CHADWI~1\AppData\Local\Temp\9664faef-c614-419c-9603-97f86ddf2f28.png
[0710/155655:INFO:pack.cc(128)] CreateTextureFromFile(uri='outboard.png', filename='C:\Users\CHADWI~1\AppData\Local\Temp\ea89ee10-e377-4d41-8758-e68bb7f43862.png')
[0710/155655:INFO:image_utils.cc(849)] Bitmap Found a PNG file : C:\Users\CHADWI~1\AppData\Local\Temp\ea89ee10-e377-4d41-8758-e68bb7f43862.png
[0710/155655:INFO:pack.cc(128)] CreateTextureFromFile(uri='emerencyjug.png', filename='C:\Users\CHADWI~1\AppData\Local\Temp\347e3aca-a76c-41c6-a248-4a1252d9cd8c.png')
[0710/155655:INFO:image_utils.cc(849)] Bitmap Found a PNG file : C:\Users\CHADWI~1\AppData\Local\Temp\347e3aca-a76c-41c6-a248-4a1252d9cd8c.png
[0710/155655:INFO:pack.cc(128)] CreateTextureFromFile(uri='ladder.png', filename='C:\Users\CHADWI~1\AppData\Local\Temp\7d9039dc-3993-4f28-a11e-44c3ab3c1faf.png')
[0710/155655:INFO:image_utils.cc(849)] Bitmap Found a PNG file : C:\Users\CHADWI~1\AppData\Local\Temp\7d9039dc-3993-4f28-a11e-44c3ab3c1faf.png
[0710/155655:INFO:pack.cc(128)] CreateTextureFromFile(uri='long_skiff.png', filename='C:\Users\CHADWI~1\AppData\Local\Temp\f9ccc0a1-a253-4c5e-a7b7-c174cf41fa92.png')
[0710/155655:INFO:image_utils.cc(849)] Bitmap Found a PNG file : C:\Users\CHADWI~1\AppData\Local\Temp\f9ccc0a1-a253-4c5e-a7b7-c174cf41fa92.png
[0710/155655:INFO:pack.cc(128)] CreateTextureFromFile(uri='oldmercmotor.png', filename='C:\Users\CHADWI~1\AppData\Local\Temp\00f08e69-326f-45cd-8b48-ac7bd01b4467.png')
[0710/155655:INFO:image_utils.cc(849)] Bitmap Found a PNG file : C:\Users\CHADWI~1\AppData\Local\Temp\00f08e69-326f-45cd-8b48-ac7bd01b4467.png
[0710/155754:INFO:collada.cc(302)] Loading Collada model "/skiffs.dae" from zip file "C:\Development\adlnet.GitHub.com\3D-Repository\VwarWeb\App_Data\viewerTemp\2c12da990e61b2203f511f816c2bcde893ddd72658.zip"
[0710/155754:INFO:pack.cc(128)] CreateTextureFromFile(uri='24ft_skiff.png', filename='C:\Users\CHADWI~1\AppData\Local\Temp\2ade0326-12d7-46ed-a785-28b860681663.png')
[0710/155754:INFO:image_utils.cc(849)] Bitmap Found a PNG file : C:\Users\CHADWI~1\AppData\Local\Temp\2ade0326-12d7-46ed-a785-28b860681663.png
[0710/155754:INFO:pack.cc(128)] CreateTextureFromFile(uri='outboard.png', filename='C:\Users\CHADWI~1\AppData\Local\Temp\a8d06b05-83ff-4af0-96d5-3119a17eecf8.png')
[0710/155754:INFO:image_utils.cc(849)] Bitmap Found a PNG file : C:\Users\CHADWI~1\AppData\Local\Temp\a8d06b05-83ff-4af0-96d5-3119a17eecf8.png
[0710/155754:INFO:pack.cc(128)] CreateTextureFromFile(uri='emerencyjug.png', filename='C:\Users\CHADWI~1\AppData\Local\Temp\b672342a-53d4-4ba4-800a-62c7a7dbffa5.png')
[0710/155754:INFO:image_utils.cc(849)] Bitmap Found a PNG file : C:\Users\CHADWI~1\AppData\Local\Temp\b672342a-53d4-4ba4-800a-62c7a7dbffa5.png
[0710/155754:INFO:pack.cc(128)] CreateTextureFromFile(uri='ladder.png', filename='C:\Users\CHADWI~1\AppData\Local\Temp\98dc9b7f-ce47-422d-8225-9f43cab7652d.png')
[0710/155754:INFO:image_utils.cc(849)] Bitmap Found a PNG file : C:\Users\CHADWI~1\AppData\Local\Temp\98dc9b7f-ce47-422d-8225-9f43cab7652d.png
[0710/155754:INFO:pack.cc(128)] CreateTextureFromFile(uri='long_skiff.png', filename='C:\Users\CHADWI~1\AppData\Local\Temp\bc46dead-9dd6-4974-a5ab-a65f11fab18b.png')
[0710/155754:INFO:image_utils.cc(849)] Bitmap Found a PNG file : C:\Users\CHADWI~1\AppData\Local\Temp\bc46dead-9dd6-4974-a5ab-a65f11fab18b.png
[0710/155754:INFO:pack.cc(128)] CreateTextureFromFile(uri='oldmercmotor.png', filename='C:\Users\CHADWI~1\AppData\Local\Temp\86b8ddb7-a051-41e8-8b7d-bcd2a2e0dd82.png')
[0710/155754:INFO:image_utils.cc(849)] Bitmap Found a PNG file : C:\Users\CHADWI~1\AppData\Local\Temp\86b8ddb7-a051-41e8-8b7d-bcd2a2e0dd82.png
[0710/160104:INFO:collada.cc(302)] Loading Collada model "/skiffs.dae" from zip file "C:\Development\adlnet.GitHub.com\3D-Repository\VwarWeb\App_Data\viewerTemp\2c12da990e61b2203f511f816c2bcde893ddd72680.zip"
[0710/160104:INFO:pack.cc(128)] CreateTextureFromFile(uri='24ft_skiff.png', filename='C:\Users\CHADWI~1\AppData\Local\Temp\8a083ccd-5d9d-4bcb-9faa-e73eb85b9a34.png')
[0710/160104:INFO:image_utils.cc(849)] Bitmap Found a PNG file : C:\Users\CHADWI~1\AppData\Local\Temp\8a083ccd-5d9d-4bcb-9faa-e73eb85b9a34.png
[0710/160104:INFO:pack.cc(128)] CreateTextureFromFile(uri='outboard.png', filename='C:\Users\CHADWI~1\AppData\Local\Temp\cbb35c48-35bf-427b-92ea-194204569382.png')
[0710/160104:INFO:image_utils.cc(849)] Bitmap Found a PNG file : C:\Users\CHADWI~1\AppData\Local\Temp\cbb35c48-35bf-427b-92ea-194204569382.png
[0710/160104:INFO:pack.cc(128)] CreateTextureFromFile(uri='emerencyjug.png', filename='C:\Users\CHADWI~1\AppData\Local\Temp\fd6171f0-a154-476d-9172-2e87c1448476.png')
[0710/160104:INFO:image_utils.cc(849)] Bitmap Found a PNG file : C:\Users\CHADWI~1\AppData\Local\Temp\fd6171f0-a154-476d-9172-2e87c1448476.png
[0710/160104:INFO:pack.cc(128)] CreateTextureFromFile(uri='ladder.png', filename='C:\Users\CHADWI~1\AppData\Local\Temp\f7180013-52ed-4258-adda-e303c26463b7.png')
[0710/160104:INFO:image_utils.cc(849)] Bitmap Found a PNG file : C:\Users\CHADWI~1\AppData\Local\Temp\f7180013-52ed-4258-adda-e303c26463b7.png
[0710/160104:INFO:pack.cc(128)] CreateTextureFromFile(uri='long_skiff.png', filename='C:\Users\CHADWI~1\AppData\Local\Temp\0b2bf5d8-d282-4805-bae3-6ea0177136b8.png')
[0710/160104:INFO:image_utils.cc(849)] Bitmap Found a PNG file : C:\Users\CHADWI~1\AppData\Local\Temp\0b2bf5d8-d282-4805-bae3-6ea0177136b8.png
[0710/160104:INFO:pack.cc(128)] CreateTextureFromFile(uri='oldmercmotor.png', filename='C:\Users\CHADWI~1\AppData\Local\Temp\a9aa4f19-f954-4518-b8a3-fc1af7545785.png')
[0710/160104:INFO:image_utils.cc(849)] Bitmap Found a PNG file : C:\Users\CHADWI~1\AppData\Local\Temp\a9aa4f19-f954-4518-b8a3-fc1af7545785.png
[0710/160141:INFO:collada.cc(302)] Loading Collada model "/skiffs.dae" from zip file "C:\Development\adlnet.GitHub.com\3D-Repository\VwarWeb\App_Data\viewerTemp\2c12da990e61b2203f511f816c2bcde893ddd72633.zip"
[0710/160141:INFO:pack.cc(128)] CreateTextureFromFile(uri='24ft_skiff.png', filename='C:\Users\CHADWI~1\AppData\Local\Temp\e06cc83e-c11c-43b8-9ef8-24b18fdcddc7.png')
[0710/160141:INFO:image_utils.cc(849)] Bitmap Found a PNG file : C:\Users\CHADWI~1\AppData\Local\Temp\e06cc83e-c11c-43b8-9ef8-24b18fdcddc7.png
[0710/160141:INFO:pack.cc(128)] CreateTextureFromFile(uri='outboard.png', filename='C:\Users\CHADWI~1\AppData\Local\Temp\d992ca04-476d-4c1c-aded-2c40b9c334ce.png')
[0710/160141:INFO:image_utils.cc(849)] Bitmap Found a PNG file : C:\Users\CHADWI~1\AppData\Local\Temp\d992ca04-476d-4c1c-aded-2c40b9c334ce.png
[0710/160141:INFO:pack.cc(128)] CreateTextureFromFile(uri='emerencyjug.png', filename='C:\Users\CHADWI~1\AppData\Local\Temp\efb85031-fd63-4d56-bc71-c4fd4ce68f29.png')
[0710/160141:INFO:image_utils.cc(849)] Bitmap Found a PNG file : C:\Users\CHADWI~1\AppData\Local\Temp\efb85031-fd63-4d56-bc71-c4fd4ce68f29.png
[0710/160141:INFO:pack.cc(128)] CreateTextureFromFile(uri='ladder.png', filename='C:\Users\CHADWI~1\AppData\Local\Temp\9b9777d6-cbc2-4631-aa5a-bf8aa0ecb364.png')
[0710/160141:INFO:image_utils.cc(849)] Bitmap Found a PNG file : C:\Users\CHADWI~1\AppData\Local\Temp\9b9777d6-cbc2-4631-aa5a-bf8aa0ecb364.png
[0710/160141:INFO:pack.cc(128)] CreateTextureFromFile(uri='long_skiff.png', filename='C:\Users\CHADWI~1\AppData\Local\Temp\f292a98f-3287-4d51-a23f-ed942360c8a9.png')
[0710/160141:INFO:image_utils.cc(849)] Bitmap Found a PNG file : C:\Users\CHADWI~1\AppData\Local\Temp\f292a98f-3287-4d51-a23f-ed942360c8a9.png
[0710/160141:INFO:pack.cc(128)] CreateTextureFromFile(uri='oldmercmotor.png', filename='C:\Users\CHADWI~1\AppData\Local\Temp\11a44b4e-278b-4a76-8fa1-d1882d3f63fb.png')
[0710/160141:INFO:image_utils.cc(849)] Bitmap Found a PNG file : C:\Users\CHADWI~1\AppData\Local\Temp\11a44b4e-278b-4a76-8fa1-d1882d3f63fb.png
[0710/161232:INFO:collada.cc(302)] Loading Collada model "/skiffs.dae" from zip file "C:\Development\adlnet.GitHub.com\3D-Repository\VwarWeb\App_Data\viewerTemp\2c12da990e61b2203f511f816c2bcde893ddd72616.zip"
[0710/161232:INFO:pack.cc(128)] CreateTextureFromFile(uri='24ft_skiff.png', filename='C:\Users\CHADWI~1\AppData\Local\Temp\d78cab6c-374d-4cf0-90fd-eaf47cc7c40d.png')
[0710/161232:INFO:image_utils.cc(849)] Bitmap Found a PNG file : C:\Users\CHADWI~1\AppData\Local\Temp\d78cab6c-374d-4cf0-90fd-eaf47cc7c40d.png
[0710/161232:INFO:pack.cc(128)] CreateTextureFromFile(uri='outboard.png', filename='C:\Users\CHADWI~1\AppData\Local\Temp\13981554-858d-4225-b491-14a66b216d8f.png')
[0710/161232:INFO:image_utils.cc(849)] Bitmap Found a PNG file : C:\Users\CHADWI~1\AppData\Local\Temp\13981554-858d-4225-b491-14a66b216d8f.png
[0710/161232:INFO:pack.cc(128)] CreateTextureFromFile(uri='emerencyjug.png', filename='C:\Users\CHADWI~1\AppData\Local\Temp\247dd891-19c3-488b-b71b-5cfc381a3c67.png')
[0710/161232:INFO:image_utils.cc(849)] Bitmap Found a PNG file : C:\Users\CHADWI~1\AppData\Local\Temp\247dd891-19c3-488b-b71b-5cfc381a3c67.png
[0710/161232:INFO:pack.cc(128)] CreateTextureFromFile(uri='ladder.png', filename='C:\Users\CHADWI~1\AppData\Local\Temp\9ef3e893-f795-4ea4-8ad4-0a4f4f011eba.png')
[0710/161232:INFO:image_utils.cc(849)] Bitmap Found a PNG file : C:\Users\CHADWI~1\AppData\Local\Temp\9ef3e893-f795-4ea4-8ad4-0a4f4f011eba.png
[0710/161232:INFO:pack.cc(128)] CreateTextureFromFile(uri='long_skiff.png', filename='C:\Users\CHADWI~1\AppData\Local\Temp\99f3c890-dee9-4ef3-94f7-74b3219e8e57.png')
[0710/161232:INFO:image_utils.cc(849)] Bitmap Found a PNG file : C:\Users\CHADWI~1\AppData\Local\Temp\99f3c890-dee9-4ef3-94f7-74b3219e8e57.png
[0710/161232:INFO:pack.cc(128)] CreateTextureFromFile(uri='oldmercmotor.png', filename='C:\Users\CHADWI~1\AppData\Local\Temp\95a916ef-edd9-4b62-8e7d-3d6f2f1fd248.png')
[0710/161232:INFO:image_utils.cc(849)] Bitmap Found a PNG file : C:\Users\CHADWI~1\AppData\Local\Temp\95a916ef-edd9-4b62-8e7d-3d6f2f1fd248.png
[0710/161505:INFO:collada.cc(302)] Loading Collada model "/skiffs.dae" from zip file "C:\Development\adlnet.GitHub.com\3D-Repository\VwarWeb\App_Data\viewerTemp\2c12da990e61b2203f511f816c2bcde893ddd72635.zip"
[0710/161505:INFO:pack.cc(128)] CreateTextureFromFile(uri='24ft_skiff.png', filename='C:\Users\CHADWI~1\AppData\Local\Temp\ff5bbf5c-ba3e-4947-95e0-67bfdcedddd7.png')
[0710/161505:INFO:image_utils.cc(849)] Bitmap Found a PNG file : C:\Users\CHADWI~1\AppData\Local\Temp\ff5bbf5c-ba3e-4947-95e0-67bfdcedddd7.png
[0710/161505:INFO:pack.cc(128)] CreateTextureFromFile(uri='outboard.png', filename='C:\Users\CHADWI~1\AppData\Local\Temp\1d6bb1b9-f7b6-4427-ac3b-50b9043be5b3.png')
[0710/161505:INFO:image_utils.cc(849)] Bitmap Found a PNG file : C:\Users\CHADWI~1\AppData\Local\Temp\1d6bb1b9-f7b6-4427-ac3b-50b9043be5b3.png
[0710/161505:INFO:pack.cc(128)] CreateTextureFromFile(uri='emerencyjug.png', filename='C:\Users\CHADWI~1\AppData\Local\Temp\e2ee8e6b-3f52-40f3-9fab-8f220674ac2b.png')
[0710/161505:INFO:image_utils.cc(849)] Bitmap Found a PNG file : C:\Users\CHADWI~1\AppData\Local\Temp\e2ee8e6b-3f52-40f3-9fab-8f220674ac2b.png
[0710/161505:INFO:pack.cc(128)] CreateTextureFromFile(uri='ladder.png', filename='C:\Users\CHADWI~1\AppData\Local\Temp\bb45826c-c4db-48e9-acc6-4e442fc5ad2f.png')
[0710/161505:INFO:image_utils.cc(849)] Bitmap Found a PNG file : C:\Users\CHADWI~1\AppData\Local\Temp\bb45826c-c4db-48e9-acc6-4e442fc5ad2f.png
[0710/161505:INFO:pack.cc(128)] CreateTextureFromFile(uri='long_skiff.png', filename='C:\Users\CHADWI~1\AppData\Local\Temp\35d9d39a-7611-41c0-9977-5ad010a3b8d0.png')
[0710/161505:INFO:image_utils.cc(849)] Bitmap Found a PNG file : C:\Users\CHADWI~1\AppData\Local\Temp\35d9d39a-7611-41c0-9977-5ad010a3b8d0.png
[0710/161505:INFO:pack.cc(128)] CreateTextureFromFile(uri='oldmercmotor.png', filename='C:\Users\CHADWI~1\AppData\Local\Temp\19ecb707-69a3-4739-a80d-45456a0579df.png')
[0710/161505:INFO:image_utils.cc(849)] Bitmap Found a PNG file : C:\Users\CHADWI~1\AppData\Local\Temp\19ecb707-69a3-4739-a80d-45456a0579df.png
[0710/162244:INFO:collada.cc(302)] Loading Collada model "/NetTrawler.dae" from zip file "C:\Development\adlnet.GitHub.com\3D-Repository\VwarWeb\App_Data\viewerTemp\69339879b877207f5d183699456bd50243deaeb858.zip"
[0710/162244:INFO:pack.cc(128)] CreateTextureFromFile(uri='nettrawler.png', filename='C:\Users\CHADWI~1\AppData\Local\Temp\256ebeaf-fb98-4b1e-ae63-e8d8a891dce9.png')
[0710/162244:INFO:image_utils.cc(849)] Bitmap Found a PNG file : C:\Users\CHADWI~1\AppData\Local\Temp\256ebeaf-fb98-4b1e-ae63-e8d8a891dce9.png
[0710/162244:INFO:pack.cc(128)] CreateTextureFromFile(uri='ladder.png', filename='C:\Users\CHADWI~1\AppData\Local\Temp\13312c74-5080-43e7-90e2-f68f1b83d0ef.png')
[0710/162244:INFO:image_utils.cc(849)] Bitmap Found a PNG file : C:\Users\CHADWI~1\AppData\Local\Temp\13312c74-5080-43e7-90e2-f68f1b83d0ef.png
[0710/162244:INFO:pack.cc(128)] CreateTextureFromFile(uri='nettrawler_extras.png', filename='C:\Users\CHADWI~1\AppData\Local\Temp\c549fbfb-6210-498b-b7d4-acb4c72c1410.png')
[0710/162244:INFO:image_utils.cc(849)] Bitmap Found a PNG file : C:\Users\CHADWI~1\AppData\Local\Temp\c549fbfb-6210-498b-b7d4-acb4c72c1410.png
[0710/163015:INFO:collada.cc(302)] Loading Collada model "/Aegis.dae" from zip file "C:\Development\adlnet.GitHub.com\3D-Repository\VwarWeb\App_Data\viewerTemp\2110afdd6597774a0a2567be5b7e1226b7b8288a46.zip"
[0710/163015:INFO:pack.cc(128)] CreateTextureFromFile(uri='ov3d_aegis.png', filename='C:\Users\CHADWI~1\AppData\Local\Temp\8972d5eb-84cb-487b-8197-39134537a18a.png')
[0710/163015:INFO:image_utils.cc(849)] Bitmap Found a PNG file : C:\Users\CHADWI~1\AppData\Local\Temp\8972d5eb-84cb-487b-8197-39134537a18a.png
[0710/163418:INFO:collada.cc(302)] Loading Collada model "/A10.dae" from zip file "C:\Development\adlnet.GitHub.com\3D-Repository\VwarWeb\App_Data\viewerTemp\add9771410164436b78c39e990c9d45136e20a9099.zip"
[0710/163418:INFO:pack.cc(128)] CreateTextureFromFile(uri='ov3d_f15.png', filename='C:\Users\CHADWI~1\AppData\Local\Temp\90b56dfb-7789-4b48-af0d-a9a5ab894cd9.png')
[0710/163418:INFO:image_utils.cc(849)] Bitmap Found a PNG file : C:\Users\CHADWI~1\AppData\Local\Temp\90b56dfb-7789-4b48-af0d-a9a5ab894cd9.png
[0711/140730:INFO:collada.cc(302)] Loading Collada model "/skiffs.dae" from zip file "C:\Development\adlnet.GitHub.com\3D-Repository\VwarWeb\App_Data\viewerTemp\2c12da990e61b2203f511f816c2bcde893ddd72633.zip"
[0711/140730:INFO:pack.cc(128)] CreateTextureFromFile(uri='24ft_skiff.png', filename='C:\Users\CHADWI~1\AppData\Local\Temp\64019e59-e71b-4297-998e-8f687dc874db.png')
[0711/140730:INFO:image_utils.cc(849)] Bitmap Found a PNG file : C:\Users\CHADWI~1\AppData\Local\Temp\64019e59-e71b-4297-998e-8f687dc874db.png
[0711/140730:INFO:pack.cc(128)] CreateTextureFromFile(uri='outboard.png', filename='C:\Users\CHADWI~1\AppData\Local\Temp\b0124f5a-6ab5-4270-be6d-4d63922fb580.png')
[0711/140730:INFO:image_utils.cc(849)] Bitmap Found a PNG file : C:\Users\CHADWI~1\AppData\Local\Temp\b0124f5a-6ab5-4270-be6d-4d63922fb580.png
[0711/140730:INFO:pack.cc(128)] CreateTextureFromFile(uri='emerencyjug.png', filename='C:\Users\CHADWI~1\AppData\Local\Temp\d9401a08-51a6-4299-81b5-9e06c6c3b9cf.png')
[0711/140730:INFO:image_utils.cc(849)] Bitmap Found a PNG file : C:\Users\CHADWI~1\AppData\Local\Temp\d9401a08-51a6-4299-81b5-9e06c6c3b9cf.png
[0711/140730:INFO:pack.cc(128)] CreateTextureFromFile(uri='ladder.png', filename='C:\Users\CHADWI~1\AppData\Local\Temp\060335db-8fb1-4980-a720-737ff8888db9.png')
[0711/140730:INFO:image_utils.cc(849)] Bitmap Found a PNG file : C:\Users\CHADWI~1\AppData\Local\Temp\060335db-8fb1-4980-a720-737ff8888db9.png
[0711/140730:INFO:pack.cc(128)] CreateTextureFromFile(uri='long_skiff.png', filename='C:\Users\CHADWI~1\AppData\Local\Temp\1a4d6979-5b73-48e7-938c-83a1f45df443.png')
[0711/140730:INFO:image_utils.cc(849)] Bitmap Found a PNG file : C:\Users\CHADWI~1\AppData\Local\Temp\1a4d6979-5b73-48e7-938c-83a1f45df443.png
[0711/140730:INFO:pack.cc(128)] CreateTextureFromFile(uri='oldmercmotor.png', filename='C:\Users\CHADWI~1\AppData\Local\Temp\bd14c68c-e0b3-48a8-b5d7-690c393106bc.png')
[0711/140730:INFO:image_utils.cc(849)] Bitmap Found a PNG file : C:\Users\CHADWI~1\AppData\Local\Temp\bd14c68c-e0b3-48a8-b5d7-690c393106bc.png
[0711/141248:INFO:collada.cc(302)] Loading Collada model "/skiffs.dae" from zip file "C:\Development\adlnet.GitHub.com\3D-Repository\VwarWeb\App_Data\viewerTemp\2c12da990e61b2203f511f816c2bcde893ddd72644.zip"
[0711/141248:INFO:pack.cc(128)] CreateTextureFromFile(uri='24ft_skiff.png', filename='C:\Users\CHADWI~1\AppData\Local\Temp\33ad3155-5559-45f1-9f20-ed6b708caaf5.png')
[0711/141248:INFO:image_utils.cc(849)] Bitmap Found a PNG file : C:\Users\CHADWI~1\AppData\Local\Temp\33ad3155-5559-45f1-9f20-ed6b708caaf5.png
[0711/141248:INFO:pack.cc(128)] CreateTextureFromFile(uri='outboard.png', filename='C:\Users\CHADWI~1\AppData\Local\Temp\abd6b437-6c81-4ba9-a119-83f6fd8dea12.png')
[0711/141248:INFO:image_utils.cc(849)] Bitmap Found a PNG file : C:\Users\CHADWI~1\AppData\Local\Temp\abd6b437-6c81-4ba9-a119-83f6fd8dea12.png
[0711/141248:INFO:pack.cc(128)] CreateTextureFromFile(uri='emerencyjug.png', filename='C:\Users\CHADWI~1\AppData\Local\Temp\ab9d844f-3de6-4c79-90a8-ea83f7b7bb8a.png')
[0711/141248:INFO:image_utils.cc(849)] Bitmap Found a PNG file : C:\Users\CHADWI~1\AppData\Local\Temp\ab9d844f-3de6-4c79-90a8-ea83f7b7bb8a.png
[0711/141248:INFO:pack.cc(128)] CreateTextureFromFile(uri='ladder.png', filename='C:\Users\CHADWI~1\AppData\Local\Temp\122bab76-93b8-416f-b0d8-98a0f1080dfc.png')
[0711/141248:INFO:image_utils.cc(849)] Bitmap Found a PNG file : C:\Users\CHADWI~1\AppData\Local\Temp\122bab76-93b8-416f-b0d8-98a0f1080dfc.png
[0711/141248:INFO:pack.cc(128)] CreateTextureFromFile(uri='long_skiff.png', filename='C:\Users\CHADWI~1\AppData\Local\Temp\1ef415ee-1ca2-475e-8aca-681d53daaa28.png')
[0711/141248:INFO:image_utils.cc(849)] Bitmap Found a PNG file : C:\Users\CHADWI~1\AppData\Local\Temp\1ef415ee-1ca2-475e-8aca-681d53daaa28.png
[0711/141248:INFO:pack.cc(128)] CreateTextureFromFile(uri='oldmercmotor.png', filename='C:\Users\CHADWI~1\AppData\Local\Temp\871a7f75-2dcf-4a33-8b3a-64dea5d5b0b0.png')
[0711/141248:INFO:image_utils.cc(849)] Bitmap Found a PNG file : C:\Users\CHADWI~1\AppData\Local\Temp\871a7f75-2dcf-4a33-8b3a-64dea5d5b0b0.png
[0720/143346:INFO:collada.cc(302)] Loading Collada model "/International_Space_Station__ISS_.dae" from zip file "C:\Development\adlnet.GitHub.com\3D-Repository\VwarWeb\App_Data\viewerTemp\7116a6bb40dd398588de615880c3bf1efff8cf2d39.zip"
[0720/143347:INFO:pack.cc(128)] CreateTextureFromFile(uri='fencing_chain_link.png', filename='C:\Users\CHADWI~1\AppData\Local\Temp\f962c44a-3616-421e-a8f9-fd10ebfaf5d1.png')
[0720/143347:INFO:image_utils.cc(849)] Bitmap Found a PNG file : C:\Users\CHADWI~1\AppData\Local\Temp\f962c44a-3616-421e-a8f9-fd10ebfaf5d1.png
[0720/143347:INFO:pack.cc(128)] CreateTextureFromFile(uri='color_005.png', filename='C:\Users\CHADWI~1\AppData\Local\Temp\9f382622-7593-46b1-968b-dbee0456775e.png')
[0720/143347:INFO:image_utils.cc(849)] Bitmap Found a PNG file : C:\Users\CHADWI~1\AppData\Local\Temp\9f382622-7593-46b1-968b-dbee0456775e.png
[0720/143347:INFO:pack.cc(128)] CreateTextureFromFile(uri='color_a01.png', filename='C:\Users\CHADWI~1\AppData\Local\Temp\e574ff57-f417-45a8-857e-763cbbd2e257.png')
[0720/143347:INFO:image_utils.cc(849)] Bitmap Found a PNG file : C:\Users\CHADWI~1\AppData\Local\Temp\e574ff57-f417-45a8-857e-763cbbd2e257.png
[0720/143348:INFO:pack.cc(128)] CreateTextureFromFile(uri='color_009.png', filename='C:\Users\CHADWI~1\AppData\Local\Temp\34ecaa1b-99e1-47ee-8971-31f8d7c33da0.png')
[0720/143348:INFO:image_utils.cc(849)] Bitmap Found a PNG file : C:\Users\CHADWI~1\AppData\Local\Temp\34ecaa1b-99e1-47ee-8971-31f8d7c33da0.png
[0720/143348:INFO:pack.cc(128)] CreateTextureFromFile(uri='color_a01_0.png', filename='C:\Users\CHADWI~1\AppData\Local\Temp\1ca3ca83-85c0-4c67-9bd2-f589013cc0f9.png')
[0720/143348:INFO:image_utils.cc(849)] Bitmap Found a PNG file : C:\Users\CHADWI~1\AppData\Local\Temp\1ca3ca83-85c0-4c67-9bd2-f589013cc0f9.png
[0720/143348:INFO:pack.cc(128)] CreateTextureFromFile(uri='color_a04.png', filename='C:\Users\CHADWI~1\AppData\Local\Temp\ae97348d-0b0b-40ec-94f4-158083f96613.png')
[0720/143348:INFO:image_utils.cc(849)] Bitmap Found a PNG file : C:\Users\CHADWI~1\AppData\Local\Temp\ae97348d-0b0b-40ec-94f4-158083f96613.png
[0720/143348:INFO:pack.cc(128)] CreateTextureFromFile(uri='color_004.png', filename='C:\Users\CHADWI~1\AppData\Local\Temp\38d84ee8-d959-4664-9102-a7965f64e9e5.png')
[0720/143348:INFO:image_utils.cc(849)] Bitmap Found a PNG file : C:\Users\CHADWI~1\AppData\Local\Temp\38d84ee8-d959-4664-9102-a7965f64e9e5.png
[0720/143348:INFO:pack.cc(128)] CreateTextureFromFile(uri='color_a1.png', filename='C:\Users\CHADWI~1\AppData\Local\Temp\3b6741e0-3a4a-4a3c-b75b-2e82a3ceb32e.png')
[0720/143348:INFO:image_utils.cc(849)] Bitmap Found a PNG file : C:\Users\CHADWI~1\AppData\Local\Temp\3b6741e0-3a4a-4a3c-b75b-2e82a3ceb32e.png
[0720/143348:INFO:pack.cc(128)] CreateTextureFromFile(uri='color_1.png', filename='C:\Users\CHADWI~1\AppData\Local\Temp\69d3382a-9cab-43ef-bfad-dc00a8a3b8a2.png')
[0720/143348:INFO:image_utils.cc(849)] Bitmap Found a PNG file : C:\Users\CHADWI~1\AppData\Local\Temp\69d3382a-9cab-43ef-bfad-dc00a8a3b8a2.png
[0720/143348:INFO:pack.cc(128)] CreateTextureFromFile(uri='metal_seamed.png', filename='C:\Users\CHADWI~1\AppData\Local\Temp\41afc1c5-e778-4a42-9b60-3d375b61ed22.png')
[0720/143348:INFO:image_utils.cc(849)] Bitmap Found a PNG file : C:\Users\CHADWI~1\AppData\Local\Temp\41afc1c5-e778-4a42-9b60-3d375b61ed22.png
[0720/143348:INFO:pack.cc(128)] CreateTextureFromFile(uri='sketchy_tile_radial.png', filename='C:\Users\CHADWI~1\AppData\Local\Temp\d7550ad6-aa34-4844-904b-94f7118d95cc.png')
[0720/143348:INFO:image_utils.cc(849)] Bitmap Found a PNG file : C:\Users\CHADWI~1\AppData\Local\Temp\d7550ad6-aa34-4844-904b-94f7118d95cc.png
[0720/143348:INFO:pack.cc(128)] CreateTextureFromFile(uri='roofing_metal_standing_seam_green.png', filename='C:\Users\CHADWI~1\AppData\Local\Temp\0dc87d5b-d1b3-4cd1-b75e-4344acd843fa.png')
[0720/143348:INFO:image_utils.cc(849)] Bitmap Found a PNG file : C:\Users\CHADWI~1\AppData\Local\Temp\0dc87d5b-d1b3-4cd1-b75e-4344acd843fa.png
[0720/143348:INFO:pack.cc(128)] CreateTextureFromFile(uri='fencing_plastic_mesh.png', filename='C:\Users\CHADWI~1\AppData\Local\Temp\f3b46622-bbeb-4446-a3ab-873afea3d104.png')
[0720/143348:INFO:image_utils.cc(849)] Bitmap Found a PNG file : C:\Users\CHADWI~1\AppData\Local\Temp\f3b46622-bbeb-4446-a3ab-873afea3d104.png
[0720/143921:INFO:collada.cc(302)] Loading Collada model "/International_Space_Station__ISS_.dae" from zip file "C:\Development\adlnet.GitHub.com\3D-Repository\VwarWeb\App_Data\viewerTemp\7116a6bb40dd398588de615880c3bf1efff8cf2d17.zip"
[0720/143922:INFO:pack.cc(128)] CreateTextureFromFile(uri='fencing_chain_link.png', filename='C:\Users\CHADWI~1\AppData\Local\Temp\352b3c0a-7333-488d-b92e-56901204debd.png')
[0720/143922:INFO:image_utils.cc(849)] Bitmap Found a PNG file : C:\Users\CHADWI~1\AppData\Local\Temp\352b3c0a-7333-488d-b92e-56901204debd.png
[0720/143922:INFO:pack.cc(128)] CreateTextureFromFile(uri='color_005.png', filename='C:\Users\CHADWI~1\AppData\Local\Temp\72225c22-ec9e-4793-8dd2-7a2c820b3911.png')
[0720/143922:INFO:image_utils.cc(849)] Bitmap Found a PNG file : C:\Users\CHADWI~1\AppData\Local\Temp\72225c22-ec9e-4793-8dd2-7a2c820b3911.png
[0720/143922:INFO:pack.cc(128)] CreateTextureFromFile(uri='color_a01.png', filename='C:\Users\CHADWI~1\AppData\Local\Temp\71270dc6-036c-4ca7-b4f7-771816132d2c.png')
[0720/143922:INFO:image_utils.cc(849)] Bitmap Found a PNG file : C:\Users\CHADWI~1\AppData\Local\Temp\71270dc6-036c-4ca7-b4f7-771816132d2c.png
[0720/143922:INFO:pack.cc(128)] CreateTextureFromFile(uri='color_009.png', filename='C:\Users\CHADWI~1\AppData\Local\Temp\1ce902c7-9db4-4c58-839a-13913b062a7b.png')
[0720/143922:INFO:image_utils.cc(849)] Bitmap Found a PNG file : C:\Users\CHADWI~1\AppData\Local\Temp\1ce902c7-9db4-4c58-839a-13913b062a7b.png
[0720/143922:INFO:pack.cc(128)] CreateTextureFromFile(uri='color_a01_0.png', filename='C:\Users\CHADWI~1\AppData\Local\Temp\d13aadeb-d476-4bf4-b749-fac91db7d162.png')
[0720/143922:INFO:image_utils.cc(849)] Bitmap Found a PNG file : C:\Users\CHADWI~1\AppData\Local\Temp\d13aadeb-d476-4bf4-b749-fac91db7d162.png
[0720/143922:INFO:pack.cc(128)] CreateTextureFromFile(uri='color_a04.png', filename='C:\Users\CHADWI~1\AppData\Local\Temp\75ee9673-f93d-4b97-abe8-1eed824a5fdc.png')
[0720/143922:INFO:image_utils.cc(849)] Bitmap Found a PNG file : C:\Users\CHADWI~1\AppData\Local\Temp\75ee9673-f93d-4b97-abe8-1eed824a5fdc.png
[0720/143922:INFO:pack.cc(128)] CreateTextureFromFile(uri='color_004.png', filename='C:\Users\CHADWI~1\AppData\Local\Temp\81a30c10-c088-47b2-889e-7b6477fb0c19.png')
[0720/143922:INFO:image_utils.cc(849)] Bitmap Found a PNG file : C:\Users\CHADWI~1\AppData\Local\Temp\81a30c10-c088-47b2-889e-7b6477fb0c19.png
[0720/143922:INFO:pack.cc(128)] CreateTextureFromFile(uri='color_a1.png', filename='C:\Users\CHADWI~1\AppData\Local\Temp\b3172e4c-a6dc-4dae-a013-a8ff5a7a04e9.png')
[0720/143922:INFO:image_utils.cc(849)] Bitmap Found a PNG file : C:\Users\CHADWI~1\AppData\Local\Temp\b3172e4c-a6dc-4dae-a013-a8ff5a7a04e9.png
[0720/143922:INFO:pack.cc(128)] CreateTextureFromFile(uri='color_1.png', filename='C:\Users\CHADWI~1\AppData\Local\Temp\47739a31-5c91-40ea-9ca4-681f03b85430.png')
[0720/143922:INFO:image_utils.cc(849)] Bitmap Found a PNG file : C:\Users\CHADWI~1\AppData\Local\Temp\47739a31-5c91-40ea-9ca4-681f03b85430.png
[0720/143922:INFO:pack.cc(128)] CreateTextureFromFile(uri='metal_seamed.png', filename='C:\Users\CHADWI~1\AppData\Local\Temp\e5805023-464e-4579-9a0f-f8b31c867683.png')
[0720/143922:INFO:image_utils.cc(849)] Bitmap Found a PNG file : C:\Users\CHADWI~1\AppData\Local\Temp\e5805023-464e-4579-9a0f-f8b31c867683.png
[0720/143922:INFO:pack.cc(128)] CreateTextureFromFile(uri='sketchy_tile_radial.png', filename='C:\Users\CHADWI~1\AppData\Local\Temp\86a3df9f-a703-46da-bd42-b085115bce51.png')
[0720/143922:INFO:image_utils.cc(849)] Bitmap Found a PNG file : C:\Users\CHADWI~1\AppData\Local\Temp\86a3df9f-a703-46da-bd42-b085115bce51.png
[0720/143922:INFO:pack.cc(128)] CreateTextureFromFile(uri='roofing_metal_standing_seam_green.png', filename='C:\Users\CHADWI~1\AppData\Local\Temp\2ce80528-5f1f-471e-ac90-5b82b78e1106.png')
[0720/143922:INFO:image_utils.cc(849)] Bitmap Found a PNG file : C:\Users\CHADWI~1\AppData\Local\Temp\2ce80528-5f1f-471e-ac90-5b82b78e1106.png
[0720/143922:INFO:pack.cc(128)] CreateTextureFromFile(uri='fencing_plastic_mesh.png', filename='C:\Users\CHADWI~1\AppData\Local\Temp\e79df93f-ecb5-4d3a-829f-b9049794673d.png')
[0720/143922:INFO:image_utils.cc(849)] Bitmap Found a PNG file : C:\Users\CHADWI~1\AppData\Local\Temp\e79df93f-ecb5-4d3a-829f-b9049794673d.png
[0720/144123:INFO:collada.cc(302)] Loading Collada model "/International_Space_Station__ISS_.dae" from zip file "C:\Development\adlnet.GitHub.com\3D-Repository\VwarWeb\App_Data\viewerTemp\7116a6bb40dd398588de615880c3bf1efff8cf2d98.zip"
[0720/144125:INFO:pack.cc(128)] CreateTextureFromFile(uri='fencing_chain_link.png', filename='C:\Users\CHADWI~1\AppData\Local\Temp\d9e572e4-0082-49b5-8613-aebf427b6f71.png')
[0720/144125:INFO:image_utils.cc(849)] Bitmap Found a PNG file : C:\Users\CHADWI~1\AppData\Local\Temp\d9e572e4-0082-49b5-8613-aebf427b6f71.png
[0720/144125:INFO:pack.cc(128)] CreateTextureFromFile(uri='color_005.png', filename='C:\Users\CHADWI~1\AppData\Local\Temp\8c00fb56-808a-4d9f-bd11-aa72468039fb.png')
[0720/144125:INFO:image_utils.cc(849)] Bitmap Found a PNG file : C:\Users\CHADWI~1\AppData\Local\Temp\8c00fb56-808a-4d9f-bd11-aa72468039fb.png
[0720/144125:INFO:pack.cc(128)] CreateTextureFromFile(uri='color_a01.png', filename='C:\Users\CHADWI~1\AppData\Local\Temp\5534ea9b-df3b-405d-a349-1c876f0810e1.png')
[0720/144125:INFO:image_utils.cc(849)] Bitmap Found a PNG file : C:\Users\CHADWI~1\AppData\Local\Temp\5534ea9b-df3b-405d-a349-1c876f0810e1.png
[0720/144125:INFO:pack.cc(128)] CreateTextureFromFile(uri='color_009.png', filename='C:\Users\CHADWI~1\AppData\Local\Temp\ccba0595-60d0-4d93-8c2c-7f1da7385281.png')
[0720/144125:INFO:image_utils.cc(849)] Bitmap Found a PNG file : C:\Users\CHADWI~1\AppData\Local\Temp\ccba0595-60d0-4d93-8c2c-7f1da7385281.png
[0720/144125:INFO:pack.cc(128)] CreateTextureFromFile(uri='color_a01_0.png', filename='C:\Users\CHADWI~1\AppData\Local\Temp\dbeee4f4-7000-484d-aed4-8fafdd1f270d.png')
[0720/144125:INFO:image_utils.cc(849)] Bitmap Found a PNG file : C:\Users\CHADWI~1\AppData\Local\Temp\dbeee4f4-7000-484d-aed4-8fafdd1f270d.png
[0720/144125:INFO:pack.cc(128)] CreateTextureFromFile(uri='color_a04.png', filename='C:\Users\CHADWI~1\AppData\Local\Temp\97721df1-465c-4b1f-a0a8-94a7f39bc242.png')
[0720/144125:INFO:image_utils.cc(849)] Bitmap Found a PNG file : C:\Users\CHADWI~1\AppData\Local\Temp\97721df1-465c-4b1f-a0a8-94a7f39bc242.png
[0720/144125:INFO:pack.cc(128)] CreateTextureFromFile(uri='color_004.png', filename='C:\Users\CHADWI~1\AppData\Local\Temp\0d811545-0621-49b0-9201-1ef9f102822c.png')
[0720/144125:INFO:image_utils.cc(849)] Bitmap Found a PNG file : C:\Users\CHADWI~1\AppData\Local\Temp\0d811545-0621-49b0-9201-1ef9f102822c.png
[0720/144125:INFO:pack.cc(128)] CreateTextureFromFile(uri='color_a1.png', filename='C:\Users\CHADWI~1\AppData\Local\Temp\ab651bd8-0a7f-4869-84c8-35ca13c50d6a.png')
[0720/144125:INFO:image_utils.cc(849)] Bitmap Found a PNG file : C:\Users\CHADWI~1\AppData\Local\Temp\ab651bd8-0a7f-4869-84c8-35ca13c50d6a.png
[0720/144125:INFO:pack.cc(128)] CreateTextureFromFile(uri='color_1.png', filename='C:\Users\CHADWI~1\AppData\Local\Temp\2d90de6c-6cd4-4d09-ae35-d8d3d00c04a3.png')
[0720/144125:INFO:image_utils.cc(849)] Bitmap Found a PNG file : C:\Users\CHADWI~1\AppData\Local\Temp\2d90de6c-6cd4-4d09-ae35-d8d3d00c04a3.png
[0720/144125:INFO:pack.cc(128)] CreateTextureFromFile(uri='metal_seamed.png', filename='C:\Users\CHADWI~1\AppData\Local\Temp\3a35de0c-6713-4b11-b8ff-f346ee6cfae8.png')
[0720/144125:INFO:image_utils.cc(849)] Bitmap Found a PNG file : C:\Users\CHADWI~1\AppData\Local\Temp\3a35de0c-6713-4b11-b8ff-f346ee6cfae8.png
[0720/144125:INFO:pack.cc(128)] CreateTextureFromFile(uri='sketchy_tile_radial.png', filename='C:\Users\CHADWI~1\AppData\Local\Temp\3eb9f8ea-9844-44b8-b7a0-2f724e9cfc8b.png')
[0720/144125:INFO:image_utils.cc(849)] Bitmap Found a PNG file : C:\Users\CHADWI~1\AppData\Local\Temp\3eb9f8ea-9844-44b8-b7a0-2f724e9cfc8b.png
[0720/144125:INFO:pack.cc(128)] CreateTextureFromFile(uri='roofing_metal_standing_seam_green.png', filename='C:\Users\CHADWI~1\AppData\Local\Temp\eee63f60-3620-4fd7-8659-988f49d84c2e.png')
[0720/144125:INFO:image_utils.cc(849)] Bitmap Found a PNG file : C:\Users\CHADWI~1\AppData\Local\Temp\eee63f60-3620-4fd7-8659-988f49d84c2e.png
[0720/144125:INFO:pack.cc(128)] CreateTextureFromFile(uri='fencing_plastic_mesh.png', filename='C:\Users\CHADWI~1\AppData\Local\Temp\3b9f8de7-f679-4399-aefd-9065221a5c11.png')
[0720/144125:INFO:image_utils.cc(849)] Bitmap Found a PNG file : C:\Users\CHADWI~1\AppData\Local\Temp\3b9f8de7-f679-4399-aefd-9065221a5c11.png
